#
# A fatal error has been detected by the Java Runtime Environment:
#
#  Internal Error (jvmciRuntime.cpp:1609), pid=32, tid=46
#  fatal error: Fatal exception in JVMCI: Error calling jdk.vm.ci.services.Services.serializeSavedProperties
#
# JRE version: OpenJDK Runtime Environment GraalVM CE 22.3.0 (17.0.5+8) (build 17.0.5+8-jvmci-22.3-b08)
# Java VM: OpenJDK 64-Bit Server VM GraalVM CE 22.3.0 (17.0.5+8-jvmci-22.3-b08, mixed mode, sharing, tiered, jvmci, jvmci compiler, compressed oops, compressed class ptrs, parallel gc, linux-amd64)
# Problematic frame:
# V  [libjvm.so+0x972714]  JVMCIRuntime::fatal_exception(JVMCIEnv*, char const*)+0x74
#
# Core dump will be written. Default location: Core dumps may be processed with "/usr/share/apport/apport -p%p -s%s -c%c -d%d -P%P -u%u -g%g -- %E" (or dumping to /home/runner/Zadanie23-Suma/core.32)
#
# If you would like to submit a bug report, please visit:
#   https://github.com/oracle/graal/issues
#

---------------  S U M M A R Y ------------

Command Line: -XX:ThreadPriorityPolicy=1 -XX:+UnlockExperimentalVMOptions -XX:+EnableJVMCIProduct -XX:JVMCIThreadsPerNativeLibraryRuntime=1 -XX:-UnlockExperimentalVMOptions -Declipse.application=org.eclipse.jdt.ls.core.id1 -Dosgi.bundles.defaultStartLevel=4 -Declipse.product=org.eclipse.jdt.ls.core.product -Dlog.level=ALL -Xverify:none -XX:+UseParallelGC -XX:GCTimeRatio=4 -XX:AdaptiveSizePolicyWeight=90 -Dsun.zip.disableMemoryMapping=true -Xmx512m -Xms100m /nix/store/m6gcpi1ii6rghy04cjwjddcavv7i90df-jdt-language-server-1.9.0/share/java/plugins/org.eclipse.equinox.launcher_1.6.400.v20210924-0641.jar --add-modules=ALL-SYSTEM --add-opens java.base/java.util=ALL-UNNAMED --add-opens java.base/java.lang=ALL-UNNAMED -configuration /home/runner/.cache/jdt-language-server/config -data /home/runner/.cache/jdt-language-server/data/home/runner/Zadanie23-Suma

Host: AMD EPYC 7B12, 8 cores, 1G, Ubuntu 20.04.2 LTS
Time: Tue Mar  7 21:06:17 2023 UTC elapsed time: 945.965805 seconds (0d 0h 15m 45s)

---------------  T H R E A D  ---------------

Current thread (0x00007f61cc0b21e0):  JavaThread "JVMCI-native CompilerThread0" daemon [_thread_in_vm, id=46, stack(0x00007f61d0b1a000,0x00007f61d0d1a000)]


Current CompileTask:
JVMCI-native: 945966 10598       4       com.google.inject.internal.LinkedBindingImpl::acceptTargetVisitor (8 bytes)

Stack: [0x00007f61d0b1a000,0x00007f61d0d1a000],  sp=0x00007f61d0d18380,  free space=2040k
Native frames: (J=compiled Java code, j=interpreted, Vv=VM code, C=native code)
V  [libjvm.so+0x972714]  JVMCIRuntime::fatal_exception(JVMCIEnv*, char const*)+0x74
V  [libjvm.so+0x93e2fe]  JVMCIEnv::copy_saved_properties()+0x14e
V  [libjvm.so+0x9732a9]  JVMCIRuntime::initialize(JVMCIEnv*)+0xb19
V  [libjvm.so+0x9738a2]  JVMCIRuntime::get_HotSpotJVMCIRuntime(JVMCIEnv*)+0x12
V  [libjvm.so+0x9749f2]  JVMCIRuntime::compile_method(JVMCIEnv*, JVMCICompiler*, methodHandle const&, int)+0xd2
V  [libjvm.so+0x5b0d20]  CompileBroker::invoke_compiler_on_method(CompileTask*)+0x1470
V  [libjvm.so+0x5b12e8]  CompileBroker::compiler_thread_loop()+0x528
V  [libjvm.so+0xd82460]  JavaThread::thread_main_inner()+0xd0
V  [libjvm.so+0xd85a40]  Thread::call_run()+0xc0
V  [libjvm.so+0xbdb1e1]  thread_native_entry(Thread*)+0xe1

Register to memory mapping:

RAX=0x00007f61d3caf000 points into unknown readable memory: 0x0000000000000058 | 58 00 00 00 00 00 00 00
RBX=0x00007f61d4daa398: <offset 0x0000000000ef5398> in /nix/store/gpxl5qgg8kicmcvivwmybwjlpf7wh20l-graalvm17-ce-22.3.0/lib/server/libjvm.so at 0x00007f61d3eb5000
RCX=0x00007f61d4d621e8: <offset 0x0000000000ead1e8> in /nix/store/gpxl5qgg8kicmcvivwmybwjlpf7wh20l-graalvm17-ce-22.3.0/lib/server/libjvm.so at 0x00007f61d3eb5000
RDX=0x0000000000000649 is an unknown value
RSP=0x00007f61d0d18380 is pointing into the stack for thread: 0x00007f61cc0b21e0
RBP=0x00007f61d0d183a0 is pointing into the stack for thread: 0x00007f61cc0b21e0
RSI=0x00007f61d4daac48: <offset 0x0000000000ef5c48> in /nix/store/gpxl5qgg8kicmcvivwmybwjlpf7wh20l-graalvm17-ce-22.3.0/lib/server/libjvm.so at 0x00007f61d3eb5000
RDI=0x00000000e0000000 is an oop: java.lang.String 
{0x00000000e0000000} - klass: 'java/lang/String'
 - string: "resolution"
R8 =0x00007f61d4daa398: <offset 0x0000000000ef5398> in /nix/store/gpxl5qgg8kicmcvivwmybwjlpf7wh20l-graalvm17-ce-22.3.0/lib/server/libjvm.so at 0x00007f61d3eb5000
R9 =0x0000000000000003 is an unknown value
R10=0x00007f61d50fbda0: <offset 0x0000000001246da0> in /nix/store/gpxl5qgg8kicmcvivwmybwjlpf7wh20l-graalvm17-ce-22.3.0/lib/server/libjvm.so at 0x00007f61d3eb5000
R11=0x000000080044f048 is pointing into metadata
R12=0x0 is NULL
R13=0x00007f61cc0b21e0 is a thread
R14=0x00007f61cc000b80 points into unknown readable memory: 0x00007f61d4fdba38 | 38 ba fd d4 61 7f 00 00
R15=0x00007f61d50e9e40: <offset 0x0000000001234e40> in /nix/store/gpxl5qgg8kicmcvivwmybwjlpf7wh20l-graalvm17-ce-22.3.0/lib/server/libjvm.so at 0x00007f61d3eb5000


Registers:
RAX=0x00007f61d3caf000, RBX=0x00007f61d4daa398, RCX=0x00007f61d4d621e8, RDX=0x0000000000000649
RSP=0x00007f61d0d18380, RBP=0x00007f61d0d183a0, RSI=0x00007f61d4daac48, RDI=0x00000000e0000000
R8 =0x00007f61d4daa398, R9 =0x0000000000000003, R10=0x00007f61d50fbda0, R11=0x000000080044f048
R12=0x0000000000000000, R13=0x00007f61cc0b21e0, R14=0x00007f61cc000b80, R15=0x00007f61d50e9e40
RIP=0x00007f61d4827714, EFLAGS=0x0000000000010206, CSGSFS=0x002b000000000033, ERR=0x0000000000000006
  TRAPNO=0x000000000000000e

Top of Stack: (sp=0x00007f61d0d18380)
0x00007f61d0d18380:   00007f61d0d18940 00007f61cc0b21e0
0x00007f61d0d18390:   00007f61d26408c8 0000000800c409d8
0x00007f61d0d183a0:   00007f61d0d18500 00007f61d47f32fe
0x00007f61d0d183b0:   00007f61d0d183e0 00007f61d0d18440 

Instructions: (pc=0x00007f61d4827714)
0x00007f61d4827614:   30 e8 f6 cf e8 ff 4c 89 e7 e8 2e 48 d1 ff 84 db
0x00007f61d4827624:   75 2a 4d 85 ed 74 04 4d 8b 6d 00 48 83 c4 08 44
0x00007f61d4827634:   89 f9 4c 89 f2 4c 89 ee 5b 4c 89 e7 41 5c 41 5d
0x00007f61d4827644:   41 5e 41 5f 5d e9 e2 47 d1 ff 66 90 48 83 c4 08
0x00007f61d4827654:   5b 41 5c 41 5d 41 5e 41 5f 5d c3 90 31 d2 be 08
0x00007f61d4827664:   00 00 00 4c 89 ff e8 b1 78 a3 ff 49 89 c5 e9 37
0x00007f61d4827674:   ff ff ff 66 0f 1f 84 00 00 00 00 00 48 8b 7a 08
0x00007f61d4827684:   e9 6d ff ff ff 0f 1f 80 00 00 00 00 e8 5b 48 0a
0x00007f61d4827694:   00 84 c0 75 89 e9 6a ff ff ff 66 90 55 48 89 e5
0x00007f61d48276a4:   41 56 41 55 41 54 49 89 fc 53 48 89 f3 66 48 8d
0x00007f61d48276b4:   3d 27 5e 85 00 66 66 48 e8 df 43 8d ff 4c 8b 28
0x00007f61d48276c4:   8b 05 be 72 8a 00 85 c0 75 14 ba 01 00 00 00 48
0x00007f61d48276d4:   8d 0d ae 72 8a 00 f0 0f b1 11 85 c0 74 4e be c8
0x00007f61d48276e4:   00 00 00 4c 89 ef e8 01 0b 41 00 48 8d 05 12 ac
0x00007f61d48276f4:   85 00 49 89 d8 48 8d 0d e8 aa 53 00 ba 49 06 00
0x00007f61d4827704:   00 48 8d 35 3c 35 58 00 bf 00 00 00 e0 48 8b 00
0x00007f61d4827714:   c6 00 58 31 c0 e8 e2 91 c6 ff 5b 41 5c 41 5d 41
0x00007f61d4827724:   5e 5d e9 55 34 26 00 0f 1f 44 00 00 48 8d 05 81
0x00007f61d4827734:   a3 8b 00 48 89 df 4c 8b 30 e8 9e 43 8d ff 48 89
0x00007f61d4827744:   de 48 89 c2 49 8b 06 4c 89 f7 ff 50 08 4c 89 f7
0x00007f61d4827754:   e8 a7 5c 27 00 4d 85 e4 74 12 be 01 00 00 00 4c
0x00007f61d4827764:   89 e7 e8 35 43 fc ff eb 82 0f 1f 00 be 01 00 00
0x00007f61d4827774:   00 4c 89 ef e8 d3 fd ff ff e9 6d ff ff ff 66 66
0x00007f61d4827784:   2e 0f 1f 84 00 00 00 00 00 0f 1f 00 55 48 89 e5
0x00007f61d4827794:   41 57 41 56 41 55 41 54 53 48 81 ec 08 02 00 00
0x00007f61d48277a4:   64 48 8b 04 25 28 00 00 00 48 89 45 c8 8b 07 83
0x00007f61d48277b4:   f8 02 0f 84 11 04 00 00 4c 8b 6f 18 49 89 ff 49
0x00007f61d48277c4:   89 f4 4d 85 ed 74 14 4c 89 ef e8 5d 57 22 00 41
0x00007f61d48277d4:   8b 07 83 f8 02 0f 84 19 04 00 00 48 8d 1d 9a 06
0x00007f61d48277e4:   8a 00 4c 8d 35 0b 3c 58 00 eb 38 90 48 85 d2 7f
0x00007f61d48277f4:   0d 48 8d 05 b4 c0 85 00 48 83 38 00 7e 0e 41 8b
0x00007f61d4827804:   77 2c 4c 89 f7 31 c0 e8 a0 b2 f7 ff 49 8b 7f 18 


Stack slot to memory mapping:
stack at sp + 0 slots: 0x00007f61d0d18940 is pointing into the stack for thread: 0x00007f61cc0b21e0
stack at sp + 1 slots: 0x00007f61cc0b21e0 is a thread
stack at sp + 2 slots: 0x00007f61d26408c8 points into unknown readable memory: 0x65730018e552ffff | ff ff 52 e5 18 00 73 65
stack at sp + 3 slots: 0x0000000800c409d8 is a pointer to class: 
jdk.vm.ci.services.Services {0x0000000800c409d8}
 - instance size:     2
 - klass size:        65
 - access:            public final synchronized 
 - state:             fully_initialized
 - name:              'jdk/vm/ci/services/Services'
 - super:             'java/lang/Object'
 - sub:               
 - arrays:            NULL
 - methods:           Array<T>(0x00007f61d143a010)
 - method ordering:   Array<T>(0x0000000800928960)
 - default_methods:   Array<T>(0x0000000000000000)
 - local interfaces:  Array<T>(0x00000008005ce810)
 - trans. interfaces: Array<T>(0x00000008005ce810)
 - constants:         constant pool [427] {0x00007f61d14390f0} for 'jdk/vm/ci/services/Services' cache=0x00007f61d143b2e0
 - class loader data:  loader data: 0x00007f61cc0283f0 of 'bootstrap'
 - source file:       'Services.java'
 - class annotations:       Array<T>(0x0000000000000000)
 - class type annotations:  Array<T>(0x0000000000000000)
 - field annotations:       Array<T>(0x0000000000000000)
 - field type annotations:  Array<T>(0x0000000000000000)
 - inner classes:     Array<T>(0x00007f61d143b2b0)
 - nest members:     Array<T>(0x00007f61d143b2d0)
 - permitted subclasses:     Array<T>(0x00000008005ce7a0)
 - java mirror:       a 'java/lang/Class'{0x00000000e014be58} = 'jdk/vm/ci/services/Services'
 - vtable length      5  (start addr: 0x0000000800c40ba8)
 - itable length      2 (start addr: 0x0000000800c40bd0)
 - ---- static fields (3 words):
 - public static final 'IS_BUILDING_NATIVE_IMAGE' 'Z' @128 
 - public static final 'IS_IN_NATIVE_IMAGE' 'Z' @129 
 - private static volatile 'savedProperties' 'Ljava/util/Map;' @112 
 - static final 'JVMCI_ENABLED' 'Z' @130 
 - private static final 'servicesCache' 'Ljava/util/Map;' @116 
 - private static final 'MAX_UNICODE_IN_UTF8_LENGTH' 'I' @120 
 - private static final 'MAX_UTF8_PROPERTY_STRING_LENGTH' 'I' @124 
 - ---- non-static fields (0 words):
 - non-static oop maps: 
stack at sp + 4 slots: 0x00007f61d0d18500 is pointing into the stack for thread: 0x00007f61cc0b21e0
stack at sp + 5 slots: 0x00007f61d47f32fe: <offset 0x000000000093e2fe> in /nix/store/gpxl5qgg8kicmcvivwmybwjlpf7wh20l-graalvm17-ce-22.3.0/lib/server/libjvm.so at 0x00007f61d3eb5000
stack at sp + 6 slots: 0x00007f61d0d183e0 is pointing into the stack for thread: 0x00007f61cc0b21e0
stack at sp + 7 slots: 0x00007f61d0d18440 is pointing into the stack for thread: 0x00007f61cc0b21e0


---------------  P R O C E S S  ---------------

Threads class SMR info:
_java_thread_list=0x00007f6130000b70, length=28, elements={
0x00007f61cc026690, 0x00007f61cc0a64d0, 0x00007f61cc0a7910, 0x00007f61cc0ae050,
0x00007f61cc0af400, 0x00007f61cc0b07f0, 0x00007f61cc0b21e0, 0x00007f61cc0b36f0,
0x00007f61cc0b4b40, 0x00007f61cc0dfbf0, 0x00007f61cc1283b0, 0x00007f61cc3340c0,
0x00007f61cc3671c0, 0x00007f61cc369b80, 0x00007f61cc62ed40, 0x00007f61640170b0,
0x00007f61642a1bc0, 0x00007f6164483b90, 0x00007f61645f01d0, 0x00007f61cc496ab0,
0x00007f614c007280, 0x00007f61cc396ef0, 0x00007f6140000ff0, 0x00007f6154001580,
0x00007f61544177f0, 0x00007f6134136d20, 0x00007f613413d700, 0x00007f6104000d70
}

Java Threads: ( => current thread )
  0x00007f61cc026690 JavaThread "main" [_thread_blocked, id=38, stack(0x00007f61d3cd0000,0x00007f61d3dd0000)]
  0x00007f61cc0a64d0 JavaThread "Reference Handler" daemon [_thread_blocked, id=41, stack(0x00007f61d1ce7000,0x00007f61d1de7000)]
  0x00007f61cc0a7910 JavaThread "Finalizer" daemon [_thread_blocked, id=42, stack(0x00007f61d1300000,0x00007f61d1400000)]
  0x00007f61cc0ae050 JavaThread "Signal Dispatcher" daemon [_thread_blocked, id=43, stack(0x00007f61d0f1a000,0x00007f61d101a000)]
  0x00007f61cc0af400 JavaThread "Service Thread" daemon [_thread_blocked, id=44, stack(0x00007f61d0e1a000,0x00007f61d0f1a000)]
  0x00007f61cc0b07f0 JavaThread "Monitor Deflation Thread" daemon [_thread_blocked, id=45, stack(0x00007f61d0d1a000,0x00007f61d0e1a000)]
=>0x00007f61cc0b21e0 JavaThread "JVMCI-native CompilerThread0" daemon [_thread_in_vm, id=46, stack(0x00007f61d0b1a000,0x00007f61d0d1a000)]
  0x00007f61cc0b36f0 JavaThread "C1 CompilerThread0" daemon [_thread_blocked, id=47, stack(0x00007f61d091a000,0x00007f61d0b1a000)]
  0x00007f61cc0b4b40 JavaThread "Sweeper thread" daemon [_thread_blocked, id=48, stack(0x00007f61d081a000,0x00007f61d091a000)]
  0x00007f61cc0dfbf0 JavaThread "Common-Cleaner" daemon [_thread_blocked, id=49, stack(0x00007f61d071a000,0x00007f61d081a000)]
  0x00007f61cc1283b0 JavaThread "Notification Thread" daemon [_thread_blocked, id=50, stack(0x00007f61d061a000,0x00007f61d071a000)]
  0x00007f61cc3340c0 JavaThread "Active Thread: Equinox Container: 29ce2ba9-682f-4332-8cbb-6824f4b1f7ce" [_thread_blocked, id=65, stack(0x00007f61d0300000,0x00007f61d0400000)]
  0x00007f61cc3671c0 JavaThread "Framework Event Dispatcher: Equinox Container: 29ce2ba9-682f-4332-8cbb-6824f4b1f7ce" daemon [_thread_blocked, id=66, stack(0x00007f61d0100000,0x00007f61d0200000)]
  0x00007f61cc369b80 JavaThread "Start Level: Equinox Container: 29ce2ba9-682f-4332-8cbb-6824f4b1f7ce" daemon [_thread_blocked, id=67, stack(0x00007f61b33b3000,0x00007f61b34b3000)]
  0x00007f61cc62ed40 JavaThread "Refresh Thread: Equinox Container: 29ce2ba9-682f-4332-8cbb-6824f4b1f7ce" daemon [_thread_blocked, id=76, stack(0x00007f61b0f00000,0x00007f61b1000000)]
  0x00007f61640170b0 JavaThread "SCR Component Actor" daemon [_thread_blocked, id=77, stack(0x00007f61d0418000,0x00007f61d0518000)]
  0x00007f61642a1bc0 JavaThread "Worker-JM" [_thread_blocked, id=87, stack(0x00007f61b0b00000,0x00007f61b0c00000)]
  0x00007f6164483b90 JavaThread "Java indexing" daemon [_thread_blocked, id=90, stack(0x00007f61b0500000,0x00007f61b0600000)]
  0x00007f61645f01d0 JavaThread "Bundle File Closer" daemon [_thread_blocked, id=99, stack(0x00007f61b0300000,0x00007f61b0400000)]
  0x00007f61cc496ab0 JavaThread "pool-3-thread-1" [_thread_blocked, id=100, stack(0x00007f61b0100000,0x00007f61b0200000)]
  0x00007f614c007280 JavaThread "Worker-2: Building" [_thread_blocked, id=101, stack(0x00007f617ad00000,0x00007f617ae00000)]
  0x00007f61cc396ef0 JavaThread "pool-2-thread-1" [_thread_blocked, id=110, stack(0x00007f617ab00000,0x00007f617ac00000)]
  0x00007f6140000ff0 JavaThread "Worker-3" [_thread_blocked, id=111, stack(0x00007f61b0d00000,0x00007f61b0e00000)]
  0x00007f6154001580 JavaThread "Worker-4: Java indexing... " [_thread_blocked, id=112, stack(0x00007f617a900000,0x00007f617aa00000)]
  0x00007f61544177f0 JavaThread "Okio Watchdog" daemon [_thread_blocked, id=191, stack(0x00007f617a500000,0x00007f617a600000)]
  0x00007f6134136d20 JavaThread "Thread-14" [_thread_blocked, id=391, stack(0x00007f61b0800000,0x00007f61b0900000)]
  0x00007f613413d700 JavaThread "Thread-15" [_thread_blocked, id=416, stack(0x00007f617ac00000,0x00007f617ad00000)]
  0x00007f6104000d70 JavaThread "Worker-8: Compacting resource model" [_thread_blocked, id=713, stack(0x00007f617a300000,0x00007f617a400000)]

Other Threads:
  0x00007f61cc0a1c10 VMThread "VM Thread" [stack: 0x00007f61d1de9000,0x00007f61d1ee9000] [id=40] _threads_hazard_ptr=0x00007f6130000b70
  0x00007f61cc129d50 WatcherThread [stack: 0x00007f61d051a000,0x00007f61d061a000] [id=51]
  0x00007f61cc03df30 GCTaskThread "GC Thread#0" [stack: 0x00007f61d3893000,0x00007f61d3993000] [id=39]

Threads with active compile tasks:
JVMCI-native CompilerThread0   945990 10598       4       com.google.inject.internal.LinkedBindingImpl::acceptTargetVisitor (8 bytes)

VM state: synchronizing (normal execution)

VM Mutex/Monitor currently owned by a thread:  ([mutex/lock_event])
[0x00007f61cc023840] Threads_lock - owner thread: 0x00007f61cc0a1c10
[0x00007f61cc023ff0] Heap_lock - owner thread: 0x00007f6134136d20

OutOfMemory and StackOverflow Exception counts:
OutOfMemoryError java_heap_errors=1
LinkageErrors=72

Heap address: 0x00000000e0000000, size: 512 MB, Compressed Oops mode: 32-bit

CDS archive(s) mapped at: [0x0000000800000000-0x0000000800bc8000-0x0000000800bc8000), size 12353536, SharedBaseAddress: 0x0000000800000000, ArchiveRelocationMode: 0.
Compressed class space mapped at: 0x0000000800c00000-0x0000000840c00000, reserved size: 1073741824
Narrow klass base: 0x0000000800000000, Narrow klass shift: 0, Narrow klass range: 0x100000000

GC Precious Log:
 CPUs: 8 total, 1 available
 Memory: 1024M
 Large Page Support: Disabled
 NUMA Support: Disabled
 Compressed Oops: Enabled (32-bit)
 Alignments: Space 512K, Generation 512K, Heap 2M
 Heap Min Capacity: 100M
 Heap Initial Capacity: 100M
 Heap Max Capacity: 512M
 Pre-touch: Disabled
 Parallel Workers: 1

Heap:
 PSYoungGen      total 29696K, used 23551K [0x00000000f5580000, 0x00000000f7b80000, 0x0000000100000000)
  eden space 23552K, 99% used [0x00000000f5580000,0x00000000f6c7fef8,0x00000000f6c80000)
  from space 6144K, 0% used [0x00000000f7300000,0x00000000f7300000,0x00000000f7900000)
  to   space 6656K, 0% used [0x00000000f6c80000,0x00000000f6c80000,0x00000000f7300000)
 ParOldGen       total 349696K, used 349695K [0x00000000e0000000, 0x00000000f5580000, 0x00000000f5580000)
  object space 349696K, 99% used [0x00000000e0000000,0x00000000f557fdf8,0x00000000f5580000)
 Metaspace       used 62848K, committed 63872K, reserved 1114112K
  class space    used 6125K, committed 6592K, reserved 1048576K

Card table byte_map: [0x00007f61d3993000,0x00007f61d3a94000] _byte_map_base: 0x00007f61d3293000

Marking Bits: (ParMarkBitMap*) 0x00007f61d50e34c0
 Begin Bits: [0x00007f61d27e6000, 0x00007f61d2fe6000)
 End Bits:   [0x00007f61d2fe6000, 0x00007f61d37e6000)

Polling page: 0x00007f61d3cad000

Metaspace:

Usage:
  Non-class:     55.39 MB used.
      Class:      5.98 MB used.
       Both:     61.38 MB used.

Virtual space:
  Non-class space:       64.00 MB reserved,      55.94 MB ( 87%) committed,  8 nodes.
      Class space:        1.00 GB reserved,       6.44 MB ( <1%) committed,  1 nodes.
             Both:        1.06 GB reserved,      62.38 MB (  6%) committed. 

Chunk freelists:
   Non-Class:  3.67 MB
       Class:  1.67 MB
        Both:  5.34 MB

MaxMetaspaceSize: unlimited
CompressedClassSpaceSize: 1.00 GB
Initial GC threshold: 21.00 MB
Current GC threshold: 104.00 MB
CDS: on
MetaspaceReclaimPolicy: balanced
 - commit_granule_bytes: 65536.
 - commit_granule_words: 8192.
 - virtual_space_node_default_size: 1048576.
 - enlarge_chunks_in_place: 1.
 - new_chunks_are_fully_committed: 0.
 - uncommit_free_chunks: 1.
 - use_allocation_guard: 0.
 - handle_deallocations: 1.


Internal statistics:

num_allocs_failed_limit: 6.
num_arena_births: 510.
num_arena_deaths: 150.
num_vsnodes_births: 9.
num_vsnodes_deaths: 0.
num_space_committed: 996.
num_space_uncommitted: 0.
num_chunks_returned_to_freelist: 213.
num_chunks_taken_from_freelist: 2997.
num_chunk_merges: 83.
num_chunk_splits: 1941.
num_chunks_enlarged: 1217.
num_purges: 16.
num_inconsistent_stats: 0.

CodeHeap 'non-profiled nmethods': size=120036Kb used=2846Kb max_used=2846Kb free=117189Kb
 bounds [0x00007f61baf7a000, 0x00007f61bb24a000, 0x00007f61c24b3000]
CodeHeap 'profiled nmethods': size=120032Kb used=18702Kb max_used=18702Kb free=101329Kb
 bounds [0x00007f61b3a42000, 0x00007f61b4c92000, 0x00007f61baf7a000]
CodeHeap 'non-nmethods': size=5692Kb used=1400Kb max_used=1407Kb free=4291Kb
 bounds [0x00007f61b34b3000, 0x00007f61b3723000, 0x00007f61b3a42000]
 total_blobs=9033 nmethods=8300 adapters=633
 compilation: enabled
              stopped_count=0, restarted_count=0
 full_count=0

JVMCI Events (20 events):
Event: 726.391 Thread 0x00007f61cc0b21e0 compacted oop handles in JVMCI runtime 0 from 46 to 46
Event: 726.391 Thread 0x00007f61cc0b21e0 releasing handles for JVMCI runtime 0: oop handles=46, metadata handles={total=94, live=82, blocks=40}
Event: 726.391 Thread 0x00007f61cc0b21e0 detached from JVMCI runtime 0
Event: 801.187 Thread 0x00007f61cc0b21e0 attached to JVMCI runtime 0
Event: 801.188 Thread 0x00007f61cc0b21e0 created JavaVM[5]@0x00007f612169e340 for JVMCI runtime 0
Event: 802.504 Thread 0x00007f61cc0b21e0 initializing JVMCI runtime 0
Event: 802.504 Thread 0x00007f61cc0b21e0 done waiting for JavaVM references initialization in JVMCI runtime 0
Event: 823.874 Thread 0x00007f61cc0b21e0 initialized JVMCI runtime 0
Event: 839.077 Thread 0x00007f61cc0b21e0 compacted oop handles in JVMCI runtime 0 from 93 to 92
Event: 840.565 Thread 0x00007f61cc0b21e0 detaching from JVMCI runtime 0: releasing idle compiler thread (0 other threads still attached)
Event: 840.565 Thread 0x00007f61cc0b21e0 shutting down HotSpotJVMCIRuntime for JVMCI runtime 0
Event: 847.961 Thread 0x00007f61cc0b21e0 shut down JVMCI runtime 0
Event: 847.963 Thread 0x00007f61cc0b21e0 destroyed JavaVM[5]@0x00007f612169e340 for JVMCI runtime 0
Event: 847.963 Thread 0x00007f61cc0b21e0 compacted oop handles in JVMCI runtime 0 from 92 to 92
Event: 847.963 Thread 0x00007f61cc0b21e0 releasing handles for JVMCI runtime 0: oop handles=92, metadata handles={total=180, live=166, blocks=40}
Event: 847.963 Thread 0x00007f61cc0b21e0 detached from JVMCI runtime 0
Event: 910.438 Thread 0x00007f61cc0b21e0 attached to JVMCI runtime 0
Event: 910.440 Thread 0x00007f61cc0b21e0 created JavaVM[6]@0x00007f612169e340 for JVMCI runtime 0
Event: 910.440 Thread 0x00007f61cc0b21e0 initializing JVMCI runtime 0
Event: 910.440 Thread 0x00007f61cc0b21e0 done waiting for JavaVM references initialization in JVMCI runtime 0

Compilation events (20 events):
Event: 725.097 Thread 0x00007f61cc0b21e0 nmethod 10585 0x00007f61bb240390 code [0x00007f61bb240500, 0x00007f61bb2405c0]
Event: 725.098 Thread 0x00007f61cc0b21e0 10588       4       org.eclipse.sisu.inject.TypeArguments::isAssignableFrom (158 bytes)
Event: 725.104 Thread 0x00007f61cc0b21e0 nmethod 10588 0x00007f61bb240690 code [0x00007f61bb240820, 0x00007f61bb2409a8]
Event: 747.466 Thread 0x00007f61cc0b36f0 10589   !   3       org.eclipse.jdt.core.dom.AbstractTypeDeclaration::getName (62 bytes)
Event: 747.466 Thread 0x00007f61cc0b36f0 nmethod 10589 0x00007f61b4c82990 code [0x00007f61b4c82be0, 0x00007f61b4c83720]
Event: 753.503 Thread 0x00007f61cc0b36f0 10590       3       org.eclipse.jdt.internal.core.dom.util.DOMASTUtil::isFeatureSupportedinAST (56 bytes)
Event: 757.597 Thread 0x00007f61cc0b36f0 nmethod 10590 0x00007f61b4c83c10 code [0x00007f61b4c83de0, 0x00007f61b4c840b0]
Event: 777.482 Thread 0x00007f61cc0b36f0 10591       1       org.eclipse.jdt.internal.formatter.TokenTraverser::getLineBreaksBefore (5 bytes)
Event: 777.482 Thread 0x00007f61cc0b36f0 nmethod 10591 0x00007f61bb240b10 code [0x00007f61bb240ca0, 0x00007f61bb240d70]
Event: 783.071 Thread 0x00007f61cc0b36f0 10592       3       java.util.concurrent.ThreadPoolExecutor::isShutdown (12 bytes)
Event: 783.072 Thread 0x00007f61cc0b36f0 nmethod 10592 0x00007f61b4c84190 code [0x00007f61b4c84340, 0x00007f61b4c84530]
Event: 797.173 Thread 0x00007f61cc0b36f0 10593       1       org.eclipse.jdt.internal.core.dom.rewrite.ASTRewriteFormatter::getPlaceholders (5 bytes)
Event: 798.502 Thread 0x00007f61cc0b36f0 nmethod 10593 0x00007f61bb240e10 code [0x00007f61bb240fa0, 0x00007f61bb241070]
Event: 801.187 Thread 0x00007f61cc0b36f0 10594       3       org.eclipse.core.internal.preferences.AbstractScope::getNode (37 bytes)
Event: 801.187 Thread 0x00007f61cc0b21e0 10595   !   4       java.util.Collections$SynchronizedMap::get (25 bytes)
Event: 802.504 Thread 0x00007f61cc0b36f0 nmethod 10594 0x00007f61b4c84610 code [0x00007f61b4c84860, 0x00007f61b4c85600]
Event: 802.505 Thread 0x00007f61cc0b36f0 10597       1       org.apache.maven.plugin.MojoExecution::getExecutionId (5 bytes)
Event: 803.885 Thread 0x00007f61cc0b36f0 nmethod 10597 0x00007f61bb241110 code [0x00007f61bb2412a0, 0x00007f61bb241370]
Event: 839.077 Thread 0x00007f61cc0b21e0 nmethod 10595 0x00007f61bb241410 code [0x00007f61bb2415a0, 0x00007f61bb241800]
Event: 910.438 Thread 0x00007f61cc0b21e0 10598       4       com.google.inject.internal.LinkedBindingImpl::acceptTargetVisitor (8 bytes)

GC Heap History (20 events):
Event: 931.874 GC heap before
{Heap before GC invocations=684 (full 585):
 PSYoungGen      total 29696K, used 23552K [0x00000000f5580000, 0x00000000f7b80000, 0x0000000100000000)
  eden space 23552K, 100% used [0x00000000f5580000,0x00000000f6c80000,0x00000000f6c80000)
  from space 6144K, 0% used [0x00000000f7300000,0x00000000f7300000,0x00000000f7900000)
  to   space 6656K, 0% used [0x00000000f6c80000,0x00000000f6c80000,0x00000000f7300000)
 ParOldGen       total 349696K, used 349693K [0x00000000e0000000, 0x00000000f5580000, 0x00000000f5580000)
  object space 349696K, 99% used [0x00000000e0000000,0x00000000f557f518,0x00000000f5580000)
 Metaspace       used 62848K, committed 63872K, reserved 1114112K
  class space    used 6125K, committed 6592K, reserved 1048576K
}
Event: 933.391 GC heap after
{Heap after GC invocations=684 (full 585):
 PSYoungGen      total 30208K, used 23551K [0x00000000f5580000, 0x00000000f7b80000, 0x0000000100000000)
  eden space 23552K, 99% used [0x00000000f5580000,0x00000000f6c7ffa0,0x00000000f6c80000)
  from space 6656K, 0% used [0x00000000f6c80000,0x00000000f6c80000,0x00000000f7300000)
  to   space 6144K, 0% used [0x00000000f7300000,0x00000000f7300000,0x00000000f7900000)
 ParOldGen       total 349696K, used 349693K [0x00000000e0000000, 0x00000000f5580000, 0x00000000f5580000)
  object space 349696K, 99% used [0x00000000e0000000,0x00000000f557f518,0x00000000f5580000)
 Metaspace       used 62848K, committed 63872K, reserved 1114112K
  class space    used 6125K, committed 6592K, reserved 1048576K
}
Event: 933.391 GC heap before
{Heap before GC invocations=685 (full 586):
 PSYoungGen      total 30208K, used 23551K [0x00000000f5580000, 0x00000000f7b80000, 0x0000000100000000)
  eden space 23552K, 99% used [0x00000000f5580000,0x00000000f6c7fff0,0x00000000f6c80000)
  from space 6656K, 0% used [0x00000000f6c80000,0x00000000f6c80000,0x00000000f7300000)
  to   space 6144K, 0% used [0x00000000f7300000,0x00000000f7300000,0x00000000f7900000)
 ParOldGen       total 349696K, used 349693K [0x00000000e0000000, 0x00000000f5580000, 0x00000000f5580000)
  object space 349696K, 99% used [0x00000000e0000000,0x00000000f557f518,0x00000000f5580000)
 Metaspace       used 62848K, committed 63872K, reserved 1114112K
  class space    used 6125K, committed 6592K, reserved 1048576K
}
Event: 934.905 GC heap after
{Heap after GC invocations=685 (full 586):
 PSYoungGen      total 29696K, used 23551K [0x00000000f5580000, 0x00000000f7b80000, 0x0000000100000000)
  eden space 23552K, 99% used [0x00000000f5580000,0x00000000f6c7ffa0,0x00000000f6c80000)
  from space 6144K, 0% used [0x00000000f7300000,0x00000000f7300000,0x00000000f7900000)
  to   space 6656K, 0% used [0x00000000f6c80000,0x00000000f6c80000,0x00000000f7300000)
 ParOldGen       total 349696K, used 349693K [0x00000000e0000000, 0x00000000f5580000, 0x00000000f5580000)
  object space 349696K, 99% used [0x00000000e0000000,0x00000000f557f518,0x00000000f5580000)
 Metaspace       used 62848K, committed 63872K, reserved 1114112K
  class space    used 6125K, committed 6592K, reserved 1048576K
}
Event: 934.906 GC heap before
{Heap before GC invocations=686 (full 587):
 PSYoungGen      total 29696K, used 23552K [0x00000000f5580000, 0x00000000f7b80000, 0x0000000100000000)
  eden space 23552K, 100% used [0x00000000f5580000,0x00000000f6c80000,0x00000000f6c80000)
  from space 6144K, 0% used [0x00000000f7300000,0x00000000f7300000,0x00000000f7900000)
  to   space 6656K, 0% used [0x00000000f6c80000,0x00000000f6c80000,0x00000000f7300000)
 ParOldGen       total 349696K, used 349693K [0x00000000e0000000, 0x00000000f5580000, 0x00000000f5580000)
  object space 349696K, 99% used [0x00000000e0000000,0x00000000f557f518,0x00000000f5580000)
 Metaspace       used 62848K, committed 63872K, reserved 1114112K
  class space    used 6125K, committed 6592K, reserved 1048576K
}
Event: 936.576 GC heap after
{Heap after GC invocations=686 (full 587):
 PSYoungGen      total 30208K, used 23551K [0x00000000f5580000, 0x00000000f7b80000, 0x0000000100000000)
  eden space 23552K, 99% used [0x00000000f5580000,0x00000000f6c7ffa0,0x00000000f6c80000)
  from space 6656K, 0% used [0x00000000f6c80000,0x00000000f6c80000,0x00000000f7300000)
  to   space 6144K, 0% used [0x00000000f7300000,0x00000000f7300000,0x00000000f7900000)
 ParOldGen       total 349696K, used 349693K [0x00000000e0000000, 0x00000000f5580000, 0x00000000f5580000)
  object space 349696K, 99% used [0x00000000e0000000,0x00000000f557f518,0x00000000f5580000)
 Metaspace       used 62848K, committed 63872K, reserved 1114112K
  class space    used 6125K, committed 6592K, reserved 1048576K
}
Event: 936.576 GC heap before
{Heap before GC invocations=687 (full 588):
 PSYoungGen      total 30208K, used 23552K [0x00000000f5580000, 0x00000000f7b80000, 0x0000000100000000)
  eden space 23552K, 100% used [0x00000000f5580000,0x00000000f6c80000,0x00000000f6c80000)
  from space 6656K, 0% used [0x00000000f6c80000,0x00000000f6c80000,0x00000000f7300000)
  to   space 6144K, 0% used [0x00000000f7300000,0x00000000f7300000,0x00000000f7900000)
 ParOldGen       total 349696K, used 349693K [0x00000000e0000000, 0x00000000f5580000, 0x00000000f5580000)
  object space 349696K, 99% used [0x00000000e0000000,0x00000000f557f518,0x00000000f5580000)
 Metaspace       used 62848K, committed 63872K, reserved 1114112K
  class space    used 6125K, committed 6592K, reserved 1048576K
}
Event: 937.904 GC heap after
{Heap after GC invocations=687 (full 588):
 PSYoungGen      total 29696K, used 23551K [0x00000000f5580000, 0x00000000f7b80000, 0x0000000100000000)
  eden space 23552K, 99% used [0x00000000f5580000,0x00000000f6c7ffa0,0x00000000f6c80000)
  from space 6144K, 0% used [0x00000000f7300000,0x00000000f7300000,0x00000000f7900000)
  to   space 6656K, 0% used [0x00000000f6c80000,0x00000000f6c80000,0x00000000f7300000)
 ParOldGen       total 349696K, used 349693K [0x00000000e0000000, 0x00000000f5580000, 0x00000000f5580000)
  object space 349696K, 99% used [0x00000000e0000000,0x00000000f557f518,0x00000000f5580000)
 Metaspace       used 62848K, committed 63872K, reserved 1114112K
  class space    used 6125K, committed 6592K, reserved 1048576K
}
Event: 937.904 GC heap before
{Heap before GC invocations=688 (full 589):
 PSYoungGen      total 29696K, used 23551K [0x00000000f5580000, 0x00000000f7b80000, 0x0000000100000000)
  eden space 23552K, 99% used [0x00000000f5580000,0x00000000f6c7fff0,0x00000000f6c80000)
  from space 6144K, 0% used [0x00000000f7300000,0x00000000f7300000,0x00000000f7900000)
  to   space 6656K, 0% used [0x00000000f6c80000,0x00000000f6c80000,0x00000000f7300000)
 ParOldGen       total 349696K, used 349693K [0x00000000e0000000, 0x00000000f5580000, 0x00000000f5580000)
  object space 349696K, 99% used [0x00000000e0000000,0x00000000f557f518,0x00000000f5580000)
 Metaspace       used 62848K, committed 63872K, reserved 1114112K
  class space    used 6125K, committed 6592K, reserved 1048576K
}
Event: 939.101 GC heap after
{Heap after GC invocations=688 (full 589):
 PSYoungGen      total 30208K, used 23551K [0x00000000f5580000, 0x00000000f7b80000, 0x0000000100000000)
  eden space 23552K, 99% used [0x00000000f5580000,0x00000000f6c7ffd8,0x00000000f6c80000)
  from space 6656K, 0% used [0x00000000f6c80000,0x00000000f6c80000,0x00000000f7300000)
  to   space 6144K, 0% used [0x00000000f7300000,0x00000000f7300000,0x00000000f7900000)
 ParOldGen       total 349696K, used 349693K [0x00000000e0000000, 0x00000000f5580000, 0x00000000f5580000)
  object space 349696K, 99% used [0x00000000e0000000,0x00000000f557f518,0x00000000f5580000)
 Metaspace       used 62848K, committed 63872K, reserved 1114112K
  class space    used 6125K, committed 6592K, reserved 1048576K
}
Event: 939.101 GC heap before
{Heap before GC invocations=689 (full 590):
 PSYoungGen      total 30208K, used 23551K [0x00000000f5580000, 0x00000000f7b80000, 0x0000000100000000)
  eden space 23552K, 99% used [0x00000000f5580000,0x00000000f6c7fff0,0x00000000f6c80000)
  from space 6656K, 0% used [0x00000000f6c80000,0x00000000f6c80000,0x00000000f7300000)
  to   space 6144K, 0% used [0x00000000f7300000,0x00000000f7300000,0x00000000f7900000)
 ParOldGen       total 349696K, used 349693K [0x00000000e0000000, 0x00000000f5580000, 0x00000000f5580000)
  object space 349696K, 99% used [0x00000000e0000000,0x00000000f557f518,0x00000000f5580000)
 Metaspace       used 62848K, committed 63872K, reserved 1114112K
  class space    used 6125K, committed 6592K, reserved 1048576K
}
Event: 940.408 GC heap after
{Heap after GC invocations=689 (full 590):
 PSYoungGen      total 29696K, used 23551K [0x00000000f5580000, 0x00000000f7b80000, 0x0000000100000000)
  eden space 23552K, 99% used [0x00000000f5580000,0x00000000f6c7fff0,0x00000000f6c80000)
  from space 6144K, 0% used [0x00000000f7300000,0x00000000f7300000,0x00000000f7900000)
  to   space 6656K, 0% used [0x00000000f6c80000,0x00000000f6c80000,0x00000000f7300000)
 ParOldGen       total 349696K, used 349693K [0x00000000e0000000, 0x00000000f5580000, 0x00000000f5580000)
  object space 349696K, 99% used [0x00000000e0000000,0x00000000f557f518,0x00000000f5580000)
 Metaspace       used 62848K, committed 63872K, reserved 1114112K
  class space    used 6125K, committed 6592K, reserved 1048576K
}
Event: 940.408 GC heap before
{Heap before GC invocations=690 (full 591):
 PSYoungGen      total 29696K, used 23551K [0x00000000f5580000, 0x00000000f7b80000, 0x0000000100000000)
  eden space 23552K, 99% used [0x00000000f5580000,0x00000000f6c7fff0,0x00000000f6c80000)
  from space 6144K, 0% used [0x00000000f7300000,0x00000000f7300000,0x00000000f7900000)
  to   space 6656K, 0% used [0x00000000f6c80000,0x00000000f6c80000,0x00000000f7300000)
 ParOldGen       total 349696K, used 349695K [0x00000000e0000000, 0x00000000f5580000, 0x00000000f5580000)
  object space 349696K, 99% used [0x00000000e0000000,0x00000000f557fff8,0x00000000f5580000)
 Metaspace       used 62848K, committed 63872K, reserved 1114112K
  class space    used 6125K, committed 6592K, reserved 1048576K
}
Event: 941.808 GC heap after
{Heap after GC invocations=690 (full 591):
 PSYoungGen      total 30208K, used 23551K [0x00000000f5580000, 0x00000000f7b80000, 0x0000000100000000)
  eden space 23552K, 99% used [0x00000000f5580000,0x00000000f6c7fc58,0x00000000f6c80000)
  from space 6656K, 0% used [0x00000000f6c80000,0x00000000f6c80000,0x00000000f7300000)
  to   space 6144K, 0% used [0x00000000f7300000,0x00000000f7300000,0x00000000f7900000)
 ParOldGen       total 349696K, used 349695K [0x00000000e0000000, 0x00000000f5580000, 0x00000000f5580000)
  object space 349696K, 99% used [0x00000000e0000000,0x00000000f557fff8,0x00000000f5580000)
 Metaspace       used 62848K, committed 63872K, reserved 1114112K
  class space    used 6125K, committed 6592K, reserved 1048576K
}
Event: 941.809 GC heap before
{Heap before GC invocations=691 (full 592):
 PSYoungGen      total 30208K, used 23551K [0x00000000f5580000, 0x00000000f7b80000, 0x0000000100000000)
  eden space 23552K, 99% used [0x00000000f5580000,0x00000000f6c7fff8,0x00000000f6c80000)
  from space 6656K, 0% used [0x00000000f6c80000,0x00000000f6c80000,0x00000000f7300000)
  to   space 6144K, 0% used [0x00000000f7300000,0x00000000f7300000,0x00000000f7900000)
 ParOldGen       total 349696K, used 349695K [0x00000000e0000000, 0x00000000f5580000, 0x00000000f5580000)
  object space 349696K, 99% used [0x00000000e0000000,0x00000000f557fff8,0x00000000f5580000)
 Metaspace       used 62848K, committed 63872K, reserved 1114112K
  class space    used 6125K, committed 6592K, reserved 1048576K
}
Event: 943.265 GC heap after
{Heap after GC invocations=691 (full 592):
 PSYoungGen      total 29696K, used 23551K [0x00000000f5580000, 0x00000000f7b80000, 0x0000000100000000)
  eden space 23552K, 99% used [0x00000000f5580000,0x00000000f6c7fdd0,0x00000000f6c80000)
  from space 6144K, 0% used [0x00000000f7300000,0x00000000f7300000,0x00000000f7900000)
  to   space 6656K, 0% used [0x00000000f6c80000,0x00000000f6c80000,0x00000000f7300000)
 ParOldGen       total 349696K, used 349695K [0x00000000e0000000, 0x00000000f5580000, 0x00000000f5580000)
  object space 349696K, 99% used [0x00000000e0000000,0x00000000f557ffd8,0x00000000f5580000)
 Metaspace       used 62848K, committed 63872K, reserved 1114112K
  class space    used 6125K, committed 6592K, reserved 1048576K
}
Event: 943.266 GC heap before
{Heap before GC invocations=692 (full 593):
 PSYoungGen      total 29696K, used 23551K [0x00000000f5580000, 0x00000000f7b80000, 0x0000000100000000)
  eden space 23552K, 99% used [0x00000000f5580000,0x00000000f6c7ff18,0x00000000f6c80000)
  from space 6144K, 0% used [0x00000000f7300000,0x00000000f7300000,0x00000000f7900000)
  to   space 6656K, 0% used [0x00000000f6c80000,0x00000000f6c80000,0x00000000f7300000)
 ParOldGen       total 349696K, used 349695K [0x00000000e0000000, 0x00000000f5580000, 0x00000000f5580000)
  object space 349696K, 99% used [0x00000000e0000000,0x00000000f557ffd8,0x00000000f5580000)
 Metaspace       used 62848K, committed 63872K, reserved 1114112K
  class space    used 6125K, committed 6592K, reserved 1048576K
}
Event: 944.669 GC heap after
{Heap after GC invocations=692 (full 593):
 PSYoungGen      total 30208K, used 23551K [0x00000000f5580000, 0x00000000f7b80000, 0x0000000100000000)
  eden space 23552K, 99% used [0x00000000f5580000,0x00000000f6c7fde8,0x00000000f6c80000)
  from space 6656K, 0% used [0x00000000f6c80000,0x00000000f6c80000,0x00000000f7300000)
  to   space 6144K, 0% used [0x00000000f7300000,0x00000000f7300000,0x00000000f7900000)
 ParOldGen       total 349696K, used 349695K [0x00000000e0000000, 0x00000000f5580000, 0x00000000f5580000)
  object space 349696K, 99% used [0x00000000e0000000,0x00000000f557ffd8,0x00000000f5580000)
 Metaspace       used 62848K, committed 63872K, reserved 1114112K
  class space    used 6125K, committed 6592K, reserved 1048576K
}
Event: 944.669 GC heap before
{Heap before GC invocations=693 (full 594):
 PSYoungGen      total 30208K, used 23551K [0x00000000f5580000, 0x00000000f7b80000, 0x0000000100000000)
  eden space 23552K, 99% used [0x00000000f5580000,0x00000000f6c7fde8,0x00000000f6c80000)
  from space 6656K, 0% used [0x00000000f6c80000,0x00000000f6c80000,0x00000000f7300000)
  to   space 6144K, 0% used [0x00000000f7300000,0x00000000f7300000,0x00000000f7900000)
 ParOldGen       total 349696K, used 349695K [0x00000000e0000000, 0x00000000f5580000, 0x00000000f5580000)
  object space 349696K, 99% used [0x00000000e0000000,0x00000000f557ffd8,0x00000000f5580000)
 Metaspace       used 62848K, committed 63872K, reserved 1114112K
  class space    used 6125K, committed 6592K, reserved 1048576K
}
Event: 945.958 GC heap after
{Heap after GC invocations=693 (full 594):
 PSYoungGen      total 29696K, used 23551K [0x00000000f5580000, 0x00000000f7b80000, 0x0000000100000000)
  eden space 23552K, 99% used [0x00000000f5580000,0x00000000f6c7fc88,0x00000000f6c80000)
  from space 6144K, 0% used [0x00000000f7300000,0x00000000f7300000,0x00000000f7900000)
  to   space 6656K, 0% used [0x00000000f6c80000,0x00000000f6c80000,0x00000000f7300000)
 ParOldGen       total 349696K, used 349695K [0x00000000e0000000, 0x00000000f5580000, 0x00000000f5580000)
  object space 349696K, 99% used [0x00000000e0000000,0x00000000f557fdf8,0x00000000f5580000)
 Metaspace       used 62848K, committed 63872K, reserved 1114112K
  class space    used 6125K, committed 6592K, reserved 1048576K
}

Dll operation events (9 events):
Event: 0.002 Loaded shared library /nix/store/gpxl5qgg8kicmcvivwmybwjlpf7wh20l-graalvm17-ce-22.3.0/lib/libjava.so
Event: 0.007 Loaded shared library /nix/store/gpxl5qgg8kicmcvivwmybwjlpf7wh20l-graalvm17-ce-22.3.0/lib/libjsvml.so
Event: 0.188 Loaded shared library /nix/store/gpxl5qgg8kicmcvivwmybwjlpf7wh20l-graalvm17-ce-22.3.0/lib/libnio.so
Event: 0.191 Loaded shared library /nix/store/gpxl5qgg8kicmcvivwmybwjlpf7wh20l-graalvm17-ce-22.3.0/lib/libjvmcicompiler.so
Event: 0.275 Loaded shared library /nix/store/gpxl5qgg8kicmcvivwmybwjlpf7wh20l-graalvm17-ce-22.3.0/lib/libzip.so
Event: 0.663 Loaded shared library /nix/store/gpxl5qgg8kicmcvivwmybwjlpf7wh20l-graalvm17-ce-22.3.0/lib/libjimage.so
Event: 1.256 Loaded shared library /nix/store/gpxl5qgg8kicmcvivwmybwjlpf7wh20l-graalvm17-ce-22.3.0/lib/libnet.so
Event: 4.982 Loaded shared library /home/runner/.cache/jdt-language-server/config/org.eclipse.equinox.launcher/org.eclipse.equinox.launcher.gtk.linux.x86_64_1.2.400.v20211117-0650/eclipse_11600.so
Event: 15.074 Loaded shared library /nix/store/gpxl5qgg8kicmcvivwmybwjlpf7wh20l-graalvm17-ce-22.3.0/lib/libextnet.so

Deoptimization events (20 events):
Event: 104.814 Thread 0x00007f6164483b90 DEOPT PACKING pc=0x00007f61b4bf67dd sp=0x00007f61b05fe530
Event: 104.815 Thread 0x00007f6164483b90 DEOPT UNPACKING pc=0x00007f61b3505325 sp=0x00007f61b05fda20 mode 0
Event: 104.822 Thread 0x00007f6164483b90 DEOPT PACKING pc=0x00007f61b4bf67dd sp=0x00007f61b05fe530
Event: 104.822 Thread 0x00007f6164483b90 DEOPT UNPACKING pc=0x00007f61b3505325 sp=0x00007f61b05fda20 mode 0
Event: 112.566 Thread 0x00007f6164483b90 DEOPT PACKING pc=0x00007f61b4bf67dd sp=0x00007f61b05fe530
Event: 112.566 Thread 0x00007f6164483b90 DEOPT UNPACKING pc=0x00007f61b3505325 sp=0x00007f61b05fda20 mode 0
Event: 154.965 Thread 0x00007f610c000ff0 Uncommon trap: trap_request=0xffffffcd fr.pc=0x00007f61bb21a1dd relative=0x00000000000002dd
Event: 154.965 Thread 0x00007f610c000ff0 Uncommon trap: reason=intrinsic_or_type_checked_inlining action=reinterpret pc=0x00007f61bb21a1dd method=org.eclipse.jdt.internal.core.PackageFragmentRoot.getPath()Lorg/eclipse/core/runtime/IPath; @ 0 jvmci
Event: 154.965 Thread 0x00007f610c000ff0 DEOPT PACKING pc=0x00007f61bb21a1dd sp=0x00007f6179ffe260
Event: 154.965 Thread 0x00007f610c000ff0 DEOPT UNPACKING pc=0x00007f61b3505325 sp=0x00007f6179ffd718 mode 3
Event: 168.260 Thread 0x00007f610c000ff0 DEOPT PACKING pc=0x00007f61b481ed82 sp=0x00007f6179ffd8a0
Event: 168.260 Thread 0x00007f610c000ff0 DEOPT UNPACKING pc=0x00007f61b3505325 sp=0x00007f6179ffcd78 mode 0
Event: 193.157 Thread 0x00007f61cc396ef0 Uncommon trap: trap_request=0xffffffed fr.pc=0x00007f61bb21850e relative=0x000000000000016e
Event: 193.157 Thread 0x00007f61cc396ef0 Uncommon trap: reason=null_assert_or_unreached0 action=reinterpret pc=0x00007f61bb21850e method=com.google.gson.stream.JsonReader.peek()Lcom/google/gson/stream/JsonToken; @ 14 jvmci
Event: 193.157 Thread 0x00007f61cc396ef0 DEOPT PACKING pc=0x00007f61bb21850e sp=0x00007f617abfdd00
Event: 193.157 Thread 0x00007f61cc396ef0 DEOPT UNPACKING pc=0x00007f61b3505325 sp=0x00007f617abfd1a0 mode 3
Event: 206.796 Thread 0x00007f6134136d20 Uncommon trap: trap_request=0xffffffed fr.pc=0x00007f61bb226026 relative=0x00000000000015e6
Event: 206.796 Thread 0x00007f6134136d20 Uncommon trap: reason=null_assert_or_unreached0 action=reinterpret pc=0x00007f61bb226026 method=org.eclipse.jdt.internal.compiler.parser.Scanner.internalScanIdentifierOrKeyword(II[C)I @ 0 jvmci
Event: 206.796 Thread 0x00007f6134136d20 DEOPT PACKING pc=0x00007f61bb226026 sp=0x00007f61b08fd900
Event: 206.796 Thread 0x00007f6134136d20 DEOPT UNPACKING pc=0x00007f61b3505325 sp=0x00007f61b08fcd90 mode 3

Classes unloaded (20 events):
Event: 192.487 Thread 0x00007f61cc0a1c10 Unloading class 0x0000000801130000 'jdk/internal/reflect/GeneratedSerializationConstructorAccessor16'
Event: 192.488 Thread 0x00007f61cc0a1c10 Unloading class 0x000000080112ac00 'jdk/internal/reflect/GeneratedSerializationConstructorAccessor15'
Event: 192.488 Thread 0x00007f61cc0a1c10 Unloading class 0x000000080112a000 'jdk/internal/reflect/GeneratedSerializationConstructorAccessor14'
Event: 192.488 Thread 0x00007f61cc0a1c10 Unloading class 0x0000000801129c00 'jdk/internal/reflect/GeneratedSerializationConstructorAccessor13'
Event: 192.488 Thread 0x00007f61cc0a1c10 Unloading class 0x0000000801129800 'jdk/internal/reflect/GeneratedSerializationConstructorAccessor12'
Event: 192.488 Thread 0x00007f61cc0a1c10 Unloading class 0x0000000801128c00 'jdk/internal/reflect/GeneratedSerializationConstructorAccessor11'
Event: 192.488 Thread 0x00007f61cc0a1c10 Unloading class 0x0000000801128800 'jdk/internal/reflect/GeneratedSerializationConstructorAccessor10'
Event: 192.488 Thread 0x00007f61cc0a1c10 Unloading class 0x0000000801128400 'jdk/internal/reflect/GeneratedSerializationConstructorAccessor9'
Event: 192.488 Thread 0x00007f61cc0a1c10 Unloading class 0x0000000801128000 'jdk/internal/reflect/GeneratedSerializationConstructorAccessor8'
Event: 192.488 Thread 0x00007f61cc0a1c10 Unloading class 0x0000000801090400 'jdk/internal/reflect/GeneratedSerializationConstructorAccessor2'
Event: 192.488 Thread 0x00007f61cc0a1c10 Unloading class 0x0000000801090000 'jdk/internal/reflect/GeneratedSerializationConstructorAccessor1'
Event: 199.967 Thread 0x00007f61cc0a1c10 Unloading class 0x00000008010b4c00 'jdk/internal/reflect/GeneratedMethodAccessor10'
Event: 199.967 Thread 0x00007f61cc0a1c10 Unloading class 0x00000008010b4800 'jdk/internal/reflect/GeneratedMethodAccessor9'
Event: 199.967 Thread 0x00007f61cc0a1c10 Unloading class 0x00000008010b4000 'jdk/internal/reflect/GeneratedMethodAccessor7'
Event: 203.069 Thread 0x00007f61cc0a1c10 Unloading class 0x0000000801268000 'jdk/internal/reflect/GeneratedConstructorAccessor44'
Event: 203.069 Thread 0x00007f61cc0a1c10 Unloading class 0x00000008011e1c00 'jdk/internal/reflect/GeneratedMethodAccessor15'
Event: 203.069 Thread 0x00007f61cc0a1c10 Unloading class 0x0000000801178800 'jdk/internal/reflect/GeneratedConstructorAccessor37'
Event: 203.069 Thread 0x00007f61cc0a1c10 Unloading class 0x0000000801129400 'jdk/internal/reflect/GeneratedMethodAccessor12'
Event: 203.069 Thread 0x00007f61cc0a1c10 Unloading class 0x0000000801129000 'jdk/internal/reflect/GeneratedMethodAccessor11'
Event: 203.069 Thread 0x00007f61cc0a1c10 Unloading class 0x00000008010b4400 'jdk/internal/reflect/GeneratedMethodAccessor8'

Classes redefined (0 events):
No events

Internal exceptions (20 events):
Event: 73.799 Thread 0x00007f6134136d20 Exception <a 'java/lang/ArrayIndexOutOfBoundsException'{0x00000000f70184c0}: Index 40 out of bounds for length 40> (0x00000000f70184c0) 
thrown [src/hotspot/share/interpreter/interpreterRuntime.cpp, line 428]
Event: 73.868 Thread 0x00007f61341382a0 Exception <a 'java/lang/ArrayIndexOutOfBoundsException'{0x00000000f7426f00}: Index 171 out of bounds for length 171> (0x00000000f7426f00) 
thrown [src/hotspot/share/interpreter/interpreterRuntime.cpp, line 428]
Event: 73.889 Thread 0x00007f6134136d20 Exception <a 'java/lang/ArrayIndexOutOfBoundsException'{0x00000000f745a8f0}: Index 40 out of bounds for length 40> (0x00000000f745a8f0) 
thrown [src/hotspot/share/interpreter/interpreterRuntime.cpp, line 428]
Event: 74.002 Thread 0x00007f6134136d20 Exception <a 'java/lang/ArrayIndexOutOfBoundsException'{0x00000000f781e128}: Index 40 out of bounds for length 40> (0x00000000f781e128) 
thrown [src/hotspot/share/interpreter/interpreterRuntime.cpp, line 428]
Event: 74.100 Thread 0x00007f61341382a0 Exception <a 'java/lang/ClassCastException'{0x00000000f79739a8}: class org.eclipse.jdt.internal.compiler.lookup.BinaryTypeBinding cannot be cast to class org.eclipse.jdt.internal.compiler.lookup.SourceTypeBinding (org.eclipse.jdt.internal.compiler.lookup.BinaryTypeBinding and org.eclipse.jdt.internal.compiler.lookup.SourceTypeBinding are in unnamed module of loader org.eclipse.osgi.internal.loader.EquinoxClassLoader @1ea2c424)> (0x00000000f79739a8) 
thrown [src/hotspot/share/interpreter/interpreterRuntime.
Event: 74.106 Thread 0x00007f61341382a0 Exception <a 'java/lang/ClassCastException'{0x00000000f7973f08}: class org.eclipse.jdt.internal.compiler.lookup.BinaryTypeBinding cannot be cast to class org.eclipse.jdt.internal.compiler.lookup.SourceTypeBinding (org.eclipse.jdt.internal.compiler.lookup.BinaryTypeBinding and org.eclipse.jdt.internal.compiler.lookup.SourceTypeBinding are in unnamed module of loader org.eclipse.osgi.internal.loader.EquinoxClassLoader @1ea2c424)> (0x00000000f7973f08) 
thrown [src/hotspot/share/interpreter/interpreterRuntime.
Event: 74.106 Thread 0x00007f61341382a0 Exception <a 'java/lang/ClassCastException'{0x00000000f7974370}: class org.eclipse.jdt.internal.compiler.lookup.BinaryTypeBinding cannot be cast to class org.eclipse.jdt.internal.compiler.lookup.SourceTypeBinding (org.eclipse.jdt.internal.compiler.lookup.BinaryTypeBinding and org.eclipse.jdt.internal.compiler.lookup.SourceTypeBinding are in unnamed module of loader org.eclipse.osgi.internal.loader.EquinoxClassLoader @1ea2c424)> (0x00000000f7974370) 
thrown [src/hotspot/share/interpreter/interpreterRuntime.
Event: 74.106 Thread 0x00007f61341382a0 Exception <a 'java/lang/ClassCastException'{0x00000000f79747d8}: class org.eclipse.jdt.internal.compiler.lookup.BinaryTypeBinding cannot be cast to class org.eclipse.jdt.internal.compiler.lookup.SourceTypeBinding (org.eclipse.jdt.internal.compiler.lookup.BinaryTypeBinding and org.eclipse.jdt.internal.compiler.lookup.SourceTypeBinding are in unnamed module of loader org.eclipse.osgi.internal.loader.EquinoxClassLoader @1ea2c424)> (0x00000000f79747d8) 
thrown [src/hotspot/share/interpreter/interpreterRuntime.
Event: 74.106 Thread 0x00007f61341382a0 Exception <a 'java/lang/ClassCastException'{0x00000000f7974c40}: class org.eclipse.jdt.internal.compiler.lookup.BinaryTypeBinding cannot be cast to class org.eclipse.jdt.internal.compiler.lookup.SourceTypeBinding (org.eclipse.jdt.internal.compiler.lookup.BinaryTypeBinding and org.eclipse.jdt.internal.compiler.lookup.SourceTypeBinding are in unnamed module of loader org.eclipse.osgi.internal.loader.EquinoxClassLoader @1ea2c424)> (0x00000000f7974c40) 
thrown [src/hotspot/share/interpreter/interpreterRuntime.
Event: 74.106 Thread 0x00007f61341382a0 Exception <a 'java/lang/ClassCastException'{0x00000000f79750a8}: class org.eclipse.jdt.internal.compiler.lookup.BinaryTypeBinding cannot be cast to class org.eclipse.jdt.internal.compiler.lookup.SourceTypeBinding (org.eclipse.jdt.internal.compiler.lookup.BinaryTypeBinding and org.eclipse.jdt.internal.compiler.lookup.SourceTypeBinding are in unnamed module of loader org.eclipse.osgi.internal.loader.EquinoxClassLoader @1ea2c424)> (0x00000000f79750a8) 
thrown [src/hotspot/share/interpreter/interpreterRuntime.
Event: 74.106 Thread 0x00007f61341382a0 Exception <a 'java/lang/ClassCastException'{0x00000000f7975510}: class org.eclipse.jdt.internal.compiler.lookup.BinaryTypeBinding cannot be cast to class org.eclipse.jdt.internal.compiler.lookup.SourceTypeBinding (org.eclipse.jdt.internal.compiler.lookup.BinaryTypeBinding and org.eclipse.jdt.internal.compiler.lookup.SourceTypeBinding are in unnamed module of loader org.eclipse.osgi.internal.loader.EquinoxClassLoader @1ea2c424)> (0x00000000f7975510) 
thrown [src/hotspot/share/interpreter/interpreterRuntime.
Event: 74.106 Thread 0x00007f61341382a0 Exception <a 'java/lang/ClassCastException'{0x00000000f7975978}: class org.eclipse.jdt.internal.compiler.lookup.BinaryTypeBinding cannot be cast to class org.eclipse.jdt.internal.compiler.lookup.SourceTypeBinding (org.eclipse.jdt.internal.compiler.lookup.BinaryTypeBinding and org.eclipse.jdt.internal.compiler.lookup.SourceTypeBinding are in unnamed module of loader org.eclipse.osgi.internal.loader.EquinoxClassLoader @1ea2c424)> (0x00000000f7975978) 
thrown [src/hotspot/share/interpreter/interpreterRuntime.
Event: 74.106 Thread 0x00007f61341382a0 Exception <a 'java/lang/ClassCastException'{0x00000000f7975de0}: class org.eclipse.jdt.internal.compiler.lookup.BinaryTypeBinding cannot be cast to class org.eclipse.jdt.internal.compiler.lookup.SourceTypeBinding (org.eclipse.jdt.internal.compiler.lookup.BinaryTypeBinding and org.eclipse.jdt.internal.compiler.lookup.SourceTypeBinding are in unnamed module of loader org.eclipse.osgi.internal.loader.EquinoxClassLoader @1ea2c424)> (0x00000000f7975de0) 
thrown [src/hotspot/share/interpreter/interpreterRuntime.
Event: 74.106 Thread 0x00007f61341382a0 Exception <a 'java/lang/ClassCastException'{0x00000000f7976248}: class org.eclipse.jdt.internal.compiler.lookup.BinaryTypeBinding cannot be cast to class org.eclipse.jdt.internal.compiler.lookup.SourceTypeBinding (org.eclipse.jdt.internal.compiler.lookup.BinaryTypeBinding and org.eclipse.jdt.internal.compiler.lookup.SourceTypeBinding are in unnamed module of loader org.eclipse.osgi.internal.loader.EquinoxClassLoader @1ea2c424)> (0x00000000f7976248) 
thrown [src/hotspot/share/interpreter/interpreterRuntime.
Event: 74.106 Thread 0x00007f61341382a0 Exception <a 'java/lang/ClassCastException'{0x00000000f79766b0}: class org.eclipse.jdt.internal.compiler.lookup.BinaryTypeBinding cannot be cast to class org.eclipse.jdt.internal.compiler.lookup.SourceTypeBinding (org.eclipse.jdt.internal.compiler.lookup.BinaryTypeBinding and org.eclipse.jdt.internal.compiler.lookup.SourceTypeBinding are in unnamed module of loader org.eclipse.osgi.internal.loader.EquinoxClassLoader @1ea2c424)> (0x00000000f79766b0) 
thrown [src/hotspot/share/interpreter/interpreterRuntime.
Event: 74.106 Thread 0x00007f61341382a0 Exception <a 'java/lang/ClassCastException'{0x00000000f79ae8e0}: class org.eclipse.jdt.internal.compiler.lookup.BinaryTypeBinding cannot be cast to class org.eclipse.jdt.internal.compiler.lookup.SourceTypeBinding (org.eclipse.jdt.internal.compiler.lookup.BinaryTypeBinding and org.eclipse.jdt.internal.compiler.lookup.SourceTypeBinding are in unnamed module of loader org.eclipse.osgi.internal.loader.EquinoxClassLoader @1ea2c424)> (0x00000000f79ae8e0) 
thrown [src/hotspot/share/interpreter/interpreterRuntime.
Event: 79.281 Thread 0x00007f613413d700 Exception <a 'java/lang/ArrayIndexOutOfBoundsException'{0x00000000f5d45ca8}: Index 178 out of bounds for length 178> (0x00000000f5d45ca8) 
thrown [src/hotspot/share/interpreter/interpreterRuntime.cpp, line 428]
Event: 79.289 Thread 0x00007f613413d700 Exception <a 'java/lang/ArrayIndexOutOfBoundsException'{0x00000000f5d66708}: Index 178 out of bounds for length 178> (0x00000000f5d66708) 
thrown [src/hotspot/share/interpreter/interpreterRuntime.cpp, line 428]
Event: 87.770 Thread 0x00007f613413d700 Exception <a 'java/lang/ArrayIndexOutOfBoundsException'{0x00000000f67c1a58}> (0x00000000f67c1a58) 
thrown [src/hotspot/share/runtime/sharedRuntime.cpp, line 628]
Event: 945.958 Thread 0x00007f61cc0b21e0 Exception <a 'java/lang/OutOfMemoryError'{0x00000000e0004128}> (0x00000000e0004128) 
thrown [src/hotspot/share/gc/shared/memAllocator.cpp, line 136]

VM Operations (20 events):
Event: 930.494 Executing VM operation: ParallelGCFailedAllocation
Event: 931.873 Executing VM operation: ParallelGCFailedAllocation done
Event: 931.873 Executing VM operation: ParallelGCFailedAllocation
Event: 933.391 Executing VM operation: ParallelGCFailedAllocation done
Event: 933.391 Executing VM operation: ParallelGCFailedAllocation
Event: 934.906 Executing VM operation: ParallelGCFailedAllocation done
Event: 934.906 Executing VM operation: ParallelGCFailedAllocation
Event: 936.576 Executing VM operation: ParallelGCFailedAllocation done
Event: 936.576 Executing VM operation: ParallelGCFailedAllocation
Event: 937.904 Executing VM operation: ParallelGCFailedAllocation done
Event: 937.904 Executing VM operation: ParallelGCFailedAllocation
Event: 939.101 Executing VM operation: ParallelGCFailedAllocation done
Event: 939.101 Executing VM operation: ParallelGCFailedAllocation
Event: 940.408 Executing VM operation: ParallelGCFailedAllocation done
Event: 940.408 Executing VM operation: ParallelGCFailedAllocation
Event: 941.808 Executing VM operation: ParallelGCFailedAllocation done
Event: 941.809 Executing VM operation: ParallelGCFailedAllocation
Event: 943.265 Executing VM operation: ParallelGCFailedAllocation done
Event: 943.265 Executing VM operation: ParallelGCFailedAllocation
Event: 945.958 Executing VM operation: ParallelGCFailedAllocation done

Events (20 events):
Event: 85.894 Thread 0x00007f613413d700 Thread exited: 0x00007f613413d700
Event: 87.763 Thread 0x00007f613413d700 Thread added: 0x00007f613413d700
Event: 87.765 Protecting memory [0x00007f61b0800000,0x00007f61b0804000] with protection modes 0
Event: 87.894 Thread 0x00007f6134136d20 Thread exited: 0x00007f6134136d20
Event: 92.896 Thread 0x00007f613413d700 Thread exited: 0x00007f613413d700
Event: 94.686 Thread 0x00007f6134136d20 Thread added: 0x00007f6134136d20
Event: 94.759 Protecting memory [0x00007f61b0800000,0x00007f61b0804000] with protection modes 0
Event: 99.028 Thread 0x00007f612c004770 Thread exited: 0x00007f612c004770
Event: 101.804 Thread 0x00007f613413d700 Thread added: 0x00007f613413d700
Event: 101.856 Protecting memory [0x00007f617ac00000,0x00007f617ac04000] with protection modes 0
Event: 154.964 Thread 0x00007f6104000d70 Thread exited: 0x00007f6104000d70
Event: 154.965 Thread 0x00007f614c0010d0 Thread exited: 0x00007f614c0010d0
Event: 172.184 Thread 0x00007f6164305b30 Thread exited: 0x00007f6164305b30
Event: 193.157 Thread 0x00007f61400f3bd0 Thread exited: 0x00007f61400f3bd0
Event: 194.682 Thread 0x00007f6104000d70 Thread added: 0x00007f6104000d70
Event: 194.682 Protecting memory [0x00007f617a300000,0x00007f617a304000] with protection modes 0
Event: 298.124 Thread 0x00007f610c000ff0 Thread exited: 0x00007f610c000ff0
Event: 372.108 Thread 0x00007f6154374250 Thread exited: 0x00007f6154374250
Event: 375.093 Thread 0x00007f612c003900 Thread exited: 0x00007f612c003900
Event: 459.677 Thread 0x00007f61543747d0 Thread exited: 0x00007f61543747d0


Dynamic libraries:
e0000000-f5580000 rw-p 00000000 00:00 0 
f5580000-f7b80000 rw-p 00000000 00:00 0 
f7b80000-100000000 ---p 00000000 00:00 0 
800000000-800449000 rw-p 00001000 00:f06 4611686019135357769             /nix/store/gpxl5qgg8kicmcvivwmybwjlpf7wh20l-graalvm17-ce-22.3.0/lib/server/classes.jsa
800449000-800bc8000 r--p 0044a000 00:f06 4611686019135357769             /nix/store/gpxl5qgg8kicmcvivwmybwjlpf7wh20l-graalvm17-ce-22.3.0/lib/server/classes.jsa
800bc8000-800c00000 ---p 00000000 00:00 0 
800c00000-800c20000 rw-p 00000000 00:00 0 
800c20000-800c40000 rw-p 00000000 00:00 0 
800c40000-800cc0000 rw-p 00000000 00:00 0 
800cc0000-800d00000 rw-p 00000000 00:00 0 
800d00000-800dc0000 rw-p 00000000 00:00 0 
800dc0000-800e00000 rw-p 00000000 00:00 0 
800e00000-800f40000 rw-p 00000000 00:00 0 
800f40000-800fc0000 rw-p 00000000 00:00 0 
800fc0000-801270000 rw-p 00000000 00:00 0 
801270000-840c00000 ---p 00000000 00:00 0 
5635c65c3000-5635c65c4000 r-xp 00000000 00:f06 4611686019099417844       /nix/store/gpxl5qgg8kicmcvivwmybwjlpf7wh20l-graalvm17-ce-22.3.0/bin/.java-wrapped
5635c65c5000-5635c65c6000 r--p 00001000 00:f06 4611686019099417844       /nix/store/gpxl5qgg8kicmcvivwmybwjlpf7wh20l-graalvm17-ce-22.3.0/bin/.java-wrapped
5635c65c6000-5635c65c7000 rw-p 00002000 00:f06 4611686019099417844       /nix/store/gpxl5qgg8kicmcvivwmybwjlpf7wh20l-graalvm17-ce-22.3.0/bin/.java-wrapped
5635c65c7000-5635c65c8000 rw-p 00004000 00:f06 4611686019099417844       /nix/store/gpxl5qgg8kicmcvivwmybwjlpf7wh20l-graalvm17-ce-22.3.0/bin/.java-wrapped
5635c65c8000-5635c65c9000 rw-p 00005000 00:f06 4611686019099417844       /nix/store/gpxl5qgg8kicmcvivwmybwjlpf7wh20l-graalvm17-ce-22.3.0/bin/.java-wrapped
5635c7eda000-5635c7f22000 rw-p 00000000 00:00 0                          [heap]
7f6104000000-7f6104021000 rw-p 00000000 00:00 0 
7f6104021000-7f6108000000 ---p 00000000 00:00 0 
7f6108000000-7f61081cd000 rw-p 00000000 00:00 0 
7f61081cd000-7f610c000000 ---p 00000000 00:00 0 
7f610c000000-7f610c021000 rw-p 00000000 00:00 0 
7f610c021000-7f6110000000 ---p 00000000 00:00 0 
7f6110000000-7f6110153000 rw-p 00000000 00:00 0 
7f6110153000-7f6114000000 ---p 00000000 00:00 0 
7f6114000000-7f6114021000 rw-p 00000000 00:00 0 
7f6114021000-7f6118000000 ---p 00000000 00:00 0 
7f6118000000-7f6118021000 rw-p 00000000 00:00 0 
7f6118021000-7f611c000000 ---p 00000000 00:00 0 
7f611c000000-7f611c021000 rw-p 00000000 00:00 0 
7f611c021000-7f6120000000 ---p 00000000 00:00 0 
7f6120a00000-7f6120b00000 ---p 00000000 00:00 0 
7f6120b00000-7f61210af000 r--p 01122000 00:f06 4611686019135190040       /nix/store/gpxl5qgg8kicmcvivwmybwjlpf7wh20l-graalvm17-ce-22.3.0/lib/libjvmcicompiler.so
7f61210af000-7f6121200000 r--p 00000000 00:00 0 
7f6121200000-7f612123d000 rw-p 00000000 00:00 0 
7f612123d000-7f612175d000 rw-p 0185f000 00:f06 4611686019135190040       /nix/store/gpxl5qgg8kicmcvivwmybwjlpf7wh20l-graalvm17-ce-22.3.0/lib/libjvmcicompiler.so
7f612175d000-7f6121b44000 r--p 01d7f000 00:f06 4611686019135190040       /nix/store/gpxl5qgg8kicmcvivwmybwjlpf7wh20l-graalvm17-ce-22.3.0/lib/libjvmcicompiler.so
7f6121c00000-7f6122390000 rw-p 00000000 00:00 0 
7f6122390000-7f6122400000 ---p 00000000 00:00 0 
7f61224b3000-7f612c000000 r--s 00000000 00:f06 4611686019135192581       /nix/store/gpxl5qgg8kicmcvivwmybwjlpf7wh20l-graalvm17-ce-22.3.0/lib/modules
7f612c000000-7f612c021000 rw-p 00000000 00:00 0 
7f612c021000-7f6130000000 ---p 00000000 00:00 0 
7f6130000000-7f6130021000 rw-p 00000000 00:00 0 
7f6130021000-7f6134000000 ---p 00000000 00:00 0 
7f6134000000-7f6134184000 rw-p 00000000 00:00 0 
7f6134184000-7f6138000000 ---p 00000000 00:00 0 
7f6138000000-7f6138021000 rw-p 00000000 00:00 0 
7f6138021000-7f613c000000 ---p 00000000 00:00 0 
7f613c000000-7f613c021000 rw-p 00000000 00:00 0 
7f613c021000-7f6140000000 ---p 00000000 00:00 0 
7f6140000000-7f6140116000 rw-p 00000000 00:00 0 
7f6140116000-7f6144000000 ---p 00000000 00:00 0 
7f6144000000-7f6144084000 rw-p 00000000 00:00 0 
7f6144084000-7f6148000000 ---p 00000000 00:00 0 
7f6148000000-7f6148021000 rw-p 00000000 00:00 0 
7f6148021000-7f614c000000 ---p 00000000 00:00 0 
7f614c000000-7f614c050000 rw-p 00000000 00:00 0 
7f614c050000-7f6150000000 ---p 00000000 00:00 0 
7f6150000000-7f6150315000 rw-p 00000000 00:00 0 
7f6150315000-7f6154000000 ---p 00000000 00:00 0 
7f6154000000-7f615450d000 rw-p 00000000 00:00 0 
7f615450d000-7f6158000000 ---p 00000000 00:00 0 
7f6158000000-7f6158021000 rw-p 00000000 00:00 0 
7f6158021000-7f615c000000 ---p 00000000 00:00 0 
7f615c000000-7f615c021000 rw-p 00000000 00:00 0 
7f615c021000-7f6160000000 ---p 00000000 00:00 0 
7f6160800000-7f6160980000 rw-p 00000000 00:00 0 
7f6160980000-7f6160a00000 rw-p 00000000 00:00 0 
7f6160a00000-7f6160e60000 rw-p 00000000 00:00 0 
7f6160e60000-7f6160f80000 rw-p 00000000 00:00 0 
7f6160f80000-7f6161000000 rw-p 00000000 00:00 0 
7f6161800000-7f6161900000 rw-p 00000000 00:00 0 
7f6161900000-7f6161a00000 rw-p 00000000 00:00 0 
7f6161a00000-7f6162000000 rw-p 00000000 00:00 0 
7f6162000000-7f6162100000 rw-p 00000000 00:00 0 
7f6162100000-7f6162300000 rw-p 00000000 00:00 0 
7f6162300000-7f6162400000 rw-p 00000000 00:00 0 
7f6162400000-7f6162500000 rw-p 00000000 00:00 0 
7f6162500000-7f6162600000 rw-p 00000000 00:00 0 
7f6162600000-7f6162800000 rw-p 00000000 00:00 0 
7f6162c00000-7f6162d00000 rw-p 00000000 00:00 0 
7f6162d00000-7f6162e00000 rw-p 00000000 00:00 0 
7f6162e00000-7f6163380000 rw-p 00000000 00:00 0 
7f6163380000-7f6163400000 rw-p 00000000 00:00 0 
7f6163400000-7f6163500000 rw-p 00000000 00:00 0 
7f6163500000-7f6163600000 rw-p 00000000 00:00 0 
7f6163600000-7f6163900000 rw-p 00000000 00:00 0 
7f6163900000-7f6163a00000 rw-p 00000000 00:00 0 
7f6163a00000-7f6163c00000 rw-p 00000000 00:00 0 
7f6163c00000-7f6163c10000 r-xp 00000000 00:eb5 353                       /home/runner/.cache/jdt-language-server/config/org.eclipse.equinox.launcher/org.eclipse.equinox.launcher.gtk.linux.x86_64_1.2.400.v20211117-0650/eclipse_11600.so
7f6163c10000-7f6163e0f000 ---p 00010000 00:eb5 353                       /home/runner/.cache/jdt-language-server/config/org.eclipse.equinox.launcher/org.eclipse.equinox.launcher.gtk.linux.x86_64_1.2.400.v20211117-0650/eclipse_11600.so
7f6163e0f000-7f6163e10000 r--p 0000f000 00:eb5 353                       /home/runner/.cache/jdt-language-server/config/org.eclipse.equinox.launcher/org.eclipse.equinox.launcher.gtk.linux.x86_64_1.2.400.v20211117-0650/eclipse_11600.so
7f6163e10000-7f6163e11000 rw-p 00010000 00:eb5 353                       /home/runner/.cache/jdt-language-server/config/org.eclipse.equinox.launcher/org.eclipse.equinox.launcher.gtk.linux.x86_64_1.2.400.v20211117-0650/eclipse_11600.so
7f6164000000-7f61648cb000 rw-p 00000000 00:00 0 
7f61648cb000-7f6168000000 ---p 00000000 00:00 0 
7f6168000000-7f6168025000 rw-p 00000000 00:00 0 
7f6168025000-7f616c000000 ---p 00000000 00:00 0 
7f616c000000-7f616c021000 rw-p 00000000 00:00 0 
7f616c021000-7f6170000000 ---p 00000000 00:00 0 
7f6170000000-7f6170021000 rw-p 00000000 00:00 0 
7f6170021000-7f6174000000 ---p 00000000 00:00 0 
7f6174000000-7f6174021000 rw-p 00000000 00:00 0 
7f6174021000-7f6178000000 ---p 00000000 00:00 0 
7f6178c00000-7f6178c60000 rw-p 00000000 00:00 0 
7f6178c60000-7f6179400000 ---p 00000000 00:00 0 
7f6179d00000-7f6179d04000 ---p 00000000 00:00 0 
7f6179d04000-7f6179e00000 rw-p 00000000 00:00 0 
7f6179f00000-7f6179f04000 ---p 00000000 00:00 0 
7f6179f04000-7f617a000000 rw-p 00000000 00:00 0 
7f617a100000-7f617a104000 ---p 00000000 00:00 0 
7f617a104000-7f617a200000 rw-p 00000000 00:00 0 
7f617a300000-7f617a304000 ---p 00000000 00:00 0 
7f617a304000-7f617a400000 rw-p 00000000 00:00 0 
7f617a500000-7f617a504000 ---p 00000000 00:00 0 
7f617a504000-7f617a600000 rw-p 00000000 00:00 0 
7f617a700000-7f617a704000 ---p 00000000 00:00 0 
7f617a704000-7f617a800000 rw-p 00000000 00:00 0 
7f617a900000-7f617a904000 ---p 00000000 00:00 0 
7f617a904000-7f617aa00000 rw-p 00000000 00:00 0 
7f617ab00000-7f617ab04000 ---p 00000000 00:00 0 
7f617ab04000-7f617ac00000 rw-p 00000000 00:00 0 
7f617ac00000-7f617ac04000 ---p 00000000 00:00 0 
7f617ac04000-7f617ad00000 rw-p 00000000 00:00 0 
7f617ad00000-7f617ad04000 ---p 00000000 00:00 0 
7f617ad04000-7f617ae00000 rw-p 00000000 00:00 0 
7f617ba68000-7f617bf00000 rw-p 00000000 00:00 0 
7f617c000000-7f617c021000 rw-p 00000000 00:00 0 
7f617c021000-7f6180000000 ---p 00000000 00:00 0 
7f6180000000-7f6180021000 rw-p 00000000 00:00 0 
7f6180021000-7f6184000000 ---p 00000000 00:00 0 
7f6184000000-7f6184049000 rw-p 00000000 00:00 0 
7f6184049000-7f6188000000 ---p 00000000 00:00 0 
7f6188000000-7f6188021000 rw-p 00000000 00:00 0 
7f6188021000-7f618c000000 ---p 00000000 00:00 0 
7f618c000000-7f618c0fb000 rw-p 00000000 00:00 0 
7f618c0fb000-7f6190000000 ---p 00000000 00:00 0 
7f6190000000-7f6190b79000 rw-p 00000000 00:00 0 
7f6190b79000-7f6194000000 ---p 00000000 00:00 0 
7f6194000000-7f6194021000 rw-p 00000000 00:00 0 
7f6194021000-7f6198000000 ---p 00000000 00:00 0 
7f6198000000-7f6198021000 rw-p 00000000 00:00 0 
7f6198021000-7f619c000000 ---p 00000000 00:00 0 
7f619c000000-7f619c021000 rw-p 00000000 00:00 0 
7f619c021000-7f61a0000000 ---p 00000000 00:00 0 
7f61a0000000-7f61a0021000 rw-p 00000000 00:00 0 
7f61a0021000-7f61a4000000 ---p 00000000 00:00 0 
7f61a4000000-7f61a4021000 rw-p 00000000 00:00 0 
7f61a4021000-7f61a8000000 ---p 00000000 00:00 0 
7f61a8000000-7f61a8021000 rw-p 00000000 00:00 0 
7f61a8021000-7f61ac000000 ---p 00000000 00:00 0 
7f61ac000000-7f61ac13d000 rw-p 00000000 00:00 0 
7f61ac13d000-7f61b0000000 ---p 00000000 00:00 0 
7f61b0100000-7f61b0104000 ---p 00000000 00:00 0 
7f61b0104000-7f61b0200000 rw-p 00000000 00:00 0 
7f61b0200000-7f61b0204000 ---p 00000000 00:00 0 
7f61b0204000-7f61b0300000 rw-p 00000000 00:00 0 
7f61b0300000-7f61b0304000 ---p 00000000 00:00 0 
7f61b0304000-7f61b0400000 rw-p 00000000 00:00 0 
7f61b0500000-7f61b0504000 ---p 00000000 00:00 0 
7f61b0504000-7f61b0600000 rw-p 00000000 00:00 0 
7f61b0700000-7f61b0704000 ---p 00000000 00:00 0 
7f61b0704000-7f61b0800000 rw-p 00000000 00:00 0 
7f61b0800000-7f61b0804000 ---p 00000000 00:00 0 
7f61b0804000-7f61b0900000 rw-p 00000000 00:00 0 
7f61b0900000-7f61b0904000 ---p 00000000 00:00 0 
7f61b0904000-7f61b0a00000 rw-p 00000000 00:00 0 
7f61b0b00000-7f61b0b04000 ---p 00000000 00:00 0 
7f61b0b04000-7f61b0c00000 rw-p 00000000 00:00 0 
7f61b0d00000-7f61b0d04000 ---p 00000000 00:00 0 
7f61b0d04000-7f61b0e00000 rw-p 00000000 00:00 0 
7f61b0f00000-7f61b0f04000 ---p 00000000 00:00 0 
7f61b0f04000-7f61b1000000 rw-p 00000000 00:00 0 
7f61b1000000-7f61b316a000 r-xp 00000000 00:f06 4611686019135190040       /nix/store/gpxl5qgg8kicmcvivwmybwjlpf7wh20l-graalvm17-ce-22.3.0/lib/libjvmcicompiler.so
7f61b316a000-7f61b3369000 ---p 0216a000 00:f06 4611686019135190040       /nix/store/gpxl5qgg8kicmcvivwmybwjlpf7wh20l-graalvm17-ce-22.3.0/lib/libjvmcicompiler.so
7f61b3369000-7f61b336a000 r--p 02169000 00:f06 4611686019135190040       /nix/store/gpxl5qgg8kicmcvivwmybwjlpf7wh20l-graalvm17-ce-22.3.0/lib/libjvmcicompiler.so
7f61b336a000-7f61b336c000 rw-p 0216a000 00:f06 4611686019135190040       /nix/store/gpxl5qgg8kicmcvivwmybwjlpf7wh20l-graalvm17-ce-22.3.0/lib/libjvmcicompiler.so
7f61b336c000-7f61b336d000 rw-p 00000000 00:00 0 
7f61b336d000-7f61b3372000 rw-p 023c3000 00:f06 4611686019135190040       /nix/store/gpxl5qgg8kicmcvivwmybwjlpf7wh20l-graalvm17-ce-22.3.0/lib/libjvmcicompiler.so
7f61b33b3000-7f61b33b7000 ---p 00000000 00:00 0 
7f61b33b7000-7f61b34b3000 rw-p 00000000 00:00 0 
7f61b34b3000-7f61b3723000 rwxp 00000000 00:00 0 
7f61b3723000-7f61b3a42000 ---p 00000000 00:00 0 
7f61b3a42000-7f61b4c92000 rwxp 00000000 00:00 0 
7f61b4c92000-7f61baf7a000 ---p 00000000 00:00 0 
7f61baf7a000-7f61bb24a000 rwxp 00000000 00:00 0 
7f61bb24a000-7f61c24b3000 ---p 00000000 00:00 0 
7f61c24b3000-7f61cc000000 r--s 00000000 00:f06 4611686019135192581       /nix/store/gpxl5qgg8kicmcvivwmybwjlpf7wh20l-graalvm17-ce-22.3.0/lib/modules
7f61cc000000-7f61cc632000 rw-p 00000000 00:00 0 
7f61cc632000-7f61d0004000 ---p 00000000 00:00 0 
7f61d0004000-7f61d0100000 rw-p 00000000 00:00 0 
7f61d0100000-7f61d0104000 ---p 00000000 00:00 0 
7f61d0104000-7f61d0200000 rw-p 00000000 00:00 0 
7f61d0300000-7f61d0304000 ---p 00000000 00:00 0 
7f61d0304000-7f61d0400000 rw-p 00000000 00:00 0 
7f61d0418000-7f61d041c000 ---p 00000000 00:00 0 
7f61d041c000-7f61d0518000 rw-p 00000000 00:00 0 
7f61d0518000-7f61d0519000 ---p 00000000 00:00 0 
7f61d0519000-7f61d061a000 rw-p 00000000 00:00 0 
7f61d061a000-7f61d061e000 ---p 00000000 00:00 0 
7f61d061e000-7f61d071a000 rw-p 00000000 00:00 0 
7f61d071a000-7f61d071e000 ---p 00000000 00:00 0 
7f61d071e000-7f61d081a000 rw-p 00000000 00:00 0 
7f61d081a000-7f61d081e000 ---p 00000000 00:00 0 
7f61d081e000-7f61d091a000 rw-p 00000000 00:00 0 
7f61d091a000-7f61d091e000 ---p 00000000 00:00 0 
7f61d091e000-7f61d0b1a000 rw-p 00000000 00:00 0 
7f61d0b1a000-7f61d0b1e000 ---p 00000000 00:00 0 
7f61d0b1e000-7f61d0d1a000 rw-p 00000000 00:00 0 
7f61d0d1a000-7f61d0d1e000 ---p 00000000 00:00 0 
7f61d0d1e000-7f61d0e1a000 rw-p 00000000 00:00 0 
7f61d0e1a000-7f61d0e1e000 ---p 00000000 00:00 0 
7f61d0e1e000-7f61d0f1a000 rw-p 00000000 00:00 0 
7f61d0f1a000-7f61d0f1e000 ---p 00000000 00:00 0 
7f61d0f1e000-7f61d101a000 rw-p 00000000 00:00 0 
7f61d101a000-7f61d1300000 r--p 00000000 00:9b3 28444448                  /usr/lib/locale/locale-archive
7f61d1300000-7f61d1304000 ---p 00000000 00:00 0 
7f61d1304000-7f61d1800000 rw-p 00000000 00:00 0 
7f61d1800000-7f61d1b00000 rw-p 00000000 00:00 0 
7f61d1b00000-7f61d1c00000 rw-p 00000000 00:00 0 
7f61d1c7f000-7f61d1c81000 r-xp 00000000 00:f06 4611686019135190017       /nix/store/gpxl5qgg8kicmcvivwmybwjlpf7wh20l-graalvm17-ce-22.3.0/lib/libextnet.so
7f61d1c81000-7f61d1c82000 r--p 00001000 00:f06 4611686019135190017       /nix/store/gpxl5qgg8kicmcvivwmybwjlpf7wh20l-graalvm17-ce-22.3.0/lib/libextnet.so
7f61d1c82000-7f61d1c83000 rw-p 00002000 00:f06 4611686019135190017       /nix/store/gpxl5qgg8kicmcvivwmybwjlpf7wh20l-graalvm17-ce-22.3.0/lib/libextnet.so
7f61d1c83000-7f61d1c84000 rw-p 00004000 00:f06 4611686019135190017       /nix/store/gpxl5qgg8kicmcvivwmybwjlpf7wh20l-graalvm17-ce-22.3.0/lib/libextnet.so
7f61d1c84000-7f61d1c88000 ---p 00000000 00:00 0 
7f61d1c88000-7f61d1ca6000 rw-p 00000000 00:00 0 
7f61d1ca6000-7f61d1cad000 r-xp 00000000 00:f06 4611686019135192580       /nix/store/gpxl5qgg8kicmcvivwmybwjlpf7wh20l-graalvm17-ce-22.3.0/lib/libzip.so
7f61d1cad000-7f61d1cae000 ---p 00007000 00:f06 4611686019135192580       /nix/store/gpxl5qgg8kicmcvivwmybwjlpf7wh20l-graalvm17-ce-22.3.0/lib/libzip.so
7f61d1cae000-7f61d1caf000 r--p 00007000 00:f06 4611686019135192580       /nix/store/gpxl5qgg8kicmcvivwmybwjlpf7wh20l-graalvm17-ce-22.3.0/lib/libzip.so
7f61d1caf000-7f61d1cb0000 rw-p 00008000 00:f06 4611686019135192580       /nix/store/gpxl5qgg8kicmcvivwmybwjlpf7wh20l-graalvm17-ce-22.3.0/lib/libzip.so
7f61d1cb0000-7f61d1cb2000 rw-p 0000b000 00:f06 4611686019135192580       /nix/store/gpxl5qgg8kicmcvivwmybwjlpf7wh20l-graalvm17-ce-22.3.0/lib/libzip.so
7f61d1cb2000-7f61d1cc7000 r-xp 00000000 00:f06 4611686019135192570       /nix/store/gpxl5qgg8kicmcvivwmybwjlpf7wh20l-graalvm17-ce-22.3.0/lib/libnet.so
7f61d1cc7000-7f61d1cc8000 ---p 00015000 00:f06 4611686019135192570       /nix/store/gpxl5qgg8kicmcvivwmybwjlpf7wh20l-graalvm17-ce-22.3.0/lib/libnet.so
7f61d1cc8000-7f61d1cc9000 r--p 00015000 00:f06 4611686019135192570       /nix/store/gpxl5qgg8kicmcvivwmybwjlpf7wh20l-graalvm17-ce-22.3.0/lib/libnet.so
7f61d1cc9000-7f61d1cca000 rw-p 00016000 00:f06 4611686019135192570       /nix/store/gpxl5qgg8kicmcvivwmybwjlpf7wh20l-graalvm17-ce-22.3.0/lib/libnet.so
7f61d1cca000-7f61d1ccd000 rw-p 0001b000 00:f06 4611686019135192570       /nix/store/gpxl5qgg8kicmcvivwmybwjlpf7wh20l-graalvm17-ce-22.3.0/lib/libnet.so
7f61d1ccd000-7f61d1ce0000 r-xp 00000000 00:f06 4611686019135192571       /nix/store/gpxl5qgg8kicmcvivwmybwjlpf7wh20l-graalvm17-ce-22.3.0/lib/libnio.so
7f61d1ce0000-7f61d1ce1000 r--p 00012000 00:f06 4611686019135192571       /nix/store/gpxl5qgg8kicmcvivwmybwjlpf7wh20l-graalvm17-ce-22.3.0/lib/libnio.so
7f61d1ce1000-7f61d1ce2000 rw-p 00013000 00:f06 4611686019135192571       /nix/store/gpxl5qgg8kicmcvivwmybwjlpf7wh20l-graalvm17-ce-22.3.0/lib/libnio.so
7f61d1ce2000-7f61d1ce7000 rw-p 00019000 00:f06 4611686019135192571       /nix/store/gpxl5qgg8kicmcvivwmybwjlpf7wh20l-graalvm17-ce-22.3.0/lib/libnio.so
7f61d1ce7000-7f61d1ceb000 ---p 00000000 00:00 0 
7f61d1ceb000-7f61d1de7000 rw-p 00000000 00:00 0 
7f61d1de7000-7f61d1de8000 ---p 00000000 00:00 0 
7f61d1de8000-7f61d1ee9000 rw-p 00000000 00:00 0 
7f61d1ee9000-7f61d1fb7000 r-xp 00000000 00:f06 4611686019135190036       /nix/store/gpxl5qgg8kicmcvivwmybwjlpf7wh20l-graalvm17-ce-22.3.0/lib/libjsvml.so
7f61d1fb7000-7f61d1fb8000 r--p 000cd000 00:f06 4611686019135190036       /nix/store/gpxl5qgg8kicmcvivwmybwjlpf7wh20l-graalvm17-ce-22.3.0/lib/libjsvml.so
7f61d1fb8000-7f61d1fb9000 rw-p 000ce000 00:f06 4611686019135190036       /nix/store/gpxl5qgg8kicmcvivwmybwjlpf7wh20l-graalvm17-ce-22.3.0/lib/libjsvml.so
7f61d1fb9000-7f61d3891000 rw-p 00000000 00:00 0 
7f61d3891000-7f61d3892000 ---p 00000000 00:00 0 
7f61d3892000-7f61d3a3d000 rw-p 00000000 00:00 0 
7f61d3a3d000-7f61d3a51000 rw-p 00000000 00:00 0 
7f61d3a51000-7f61d3a93000 ---p 00000000 00:00 0 
7f61d3a93000-7f61d3a9a000 rw-p 00000000 00:00 0 
7f61d3a9a000-7f61d3b7f000 ---p 00000000 00:00 0 
7f61d3b7f000-7f61d3ba4000 rw-p 00000000 00:00 0 
7f61d3ba4000-7f61d3c6a000 ---p 00000000 00:00 0 
7f61d3c6a000-7f61d3c6f000 rw-p 00000000 00:00 0 
7f61d3c6f000-7f61d3c76000 ---p 00000000 00:00 0 
7f61d3c76000-7f61d3c9a000 r-xp 00000000 00:f06 4611686019135190028       /nix/store/gpxl5qgg8kicmcvivwmybwjlpf7wh20l-graalvm17-ce-22.3.0/lib/libjava.so
7f61d3c9a000-7f61d3c9b000 ---p 00024000 00:f06 4611686019135190028       /nix/store/gpxl5qgg8kicmcvivwmybwjlpf7wh20l-graalvm17-ce-22.3.0/lib/libjava.so
7f61d3c9b000-7f61d3c9c000 r--p 00024000 00:f06 4611686019135190028       /nix/store/gpxl5qgg8kicmcvivwmybwjlpf7wh20l-graalvm17-ce-22.3.0/lib/libjava.so
7f61d3c9c000-7f61d3c9d000 rw-p 00025000 00:f06 4611686019135190028       /nix/store/gpxl5qgg8kicmcvivwmybwjlpf7wh20l-graalvm17-ce-22.3.0/lib/libjava.so
7f61d3c9d000-7f61d3c9e000 rw-p 00000000 00:00 0 
7f61d3c9e000-7f61d3ca5000 rw-p 0002f000 00:f06 4611686019135190028       /nix/store/gpxl5qgg8kicmcvivwmybwjlpf7wh20l-graalvm17-ce-22.3.0/lib/libjava.so
7f61d3ca5000-7f61d3cad000 rw-s 00000000 00:261 350                       /tmp/hsperfdata_runner/32
7f61d3cad000-7f61d3cae000 ---p 00000000 00:00 0 
7f61d3cae000-7f61d3caf000 r--p 00000000 00:00 0 
7f61d3caf000-7f61d3cb0000 rwxp 00000000 00:00 0 
7f61d3cb0000-7f61d3ccb000 r-xp 00000000 00:f06 4611686019135190032       /nix/store/gpxl5qgg8kicmcvivwmybwjlpf7wh20l-graalvm17-ce-22.3.0/lib/libjimage.so
7f61d3ccb000-7f61d3ccc000 ---p 0001b000 00:f06 4611686019135190032       /nix/store/gpxl5qgg8kicmcvivwmybwjlpf7wh20l-graalvm17-ce-22.3.0/lib/libjimage.so
7f61d3ccc000-7f61d3cce000 r--p 0001b000 00:f06 4611686019135190032       /nix/store/gpxl5qgg8kicmcvivwmybwjlpf7wh20l-graalvm17-ce-22.3.0/lib/libjimage.so
7f61d3cce000-7f61d3ccf000 rw-p 0001d000 00:f06 4611686019135190032       /nix/store/gpxl5qgg8kicmcvivwmybwjlpf7wh20l-graalvm17-ce-22.3.0/lib/libjimage.so
7f61d3ccf000-7f61d3cd0000 rw-p 00024000 00:f06 4611686019135190032       /nix/store/gpxl5qgg8kicmcvivwmybwjlpf7wh20l-graalvm17-ce-22.3.0/lib/libjimage.so
7f61d3cd0000-7f61d3cd4000 ---p 00000000 00:00 0 
7f61d3cd4000-7f61d3dd0000 rw-p 00000000 00:00 0 
7f61d3dd0000-7f61d3dde000 r--p 00000000 00:f06 4611686019027979927       /nix/store/4nlgxhb09sdr51nc9hdm8az5b08vzkgx-glibc-2.35-163/lib/libm.so.6
7f61d3dde000-7f61d3e51000 r-xp 0000e000 00:f06 4611686019027979927       /nix/store/4nlgxhb09sdr51nc9hdm8az5b08vzkgx-glibc-2.35-163/lib/libm.so.6
7f61d3e51000-7f61d3eae000 r--p 00081000 00:f06 4611686019027979927       /nix/store/4nlgxhb09sdr51nc9hdm8az5b08vzkgx-glibc-2.35-163/lib/libm.so.6
7f61d3eae000-7f61d3eaf000 r--p 000dd000 00:f06 4611686019027979927       /nix/store/4nlgxhb09sdr51nc9hdm8az5b08vzkgx-glibc-2.35-163/lib/libm.so.6
7f61d3eaf000-7f61d3eb0000 rw-p 000de000 00:f06 4611686019027979927       /nix/store/4nlgxhb09sdr51nc9hdm8az5b08vzkgx-glibc-2.35-163/lib/libm.so.6
7f61d3eb0000-7f61d3eb1000 r--p 00000000 00:f06 4611686019027979946       /nix/store/4nlgxhb09sdr51nc9hdm8az5b08vzkgx-glibc-2.35-163/lib/librt.so.1
7f61d3eb1000-7f61d3eb2000 r-xp 00001000 00:f06 4611686019027979946       /nix/store/4nlgxhb09sdr51nc9hdm8az5b08vzkgx-glibc-2.35-163/lib/librt.so.1
7f61d3eb2000-7f61d3eb3000 r--p 00002000 00:f06 4611686019027979946       /nix/store/4nlgxhb09sdr51nc9hdm8az5b08vzkgx-glibc-2.35-163/lib/librt.so.1
7f61d3eb3000-7f61d3eb4000 r--p 00002000 00:f06 4611686019027979946       /nix/store/4nlgxhb09sdr51nc9hdm8az5b08vzkgx-glibc-2.35-163/lib/librt.so.1
7f61d3eb4000-7f61d3eb5000 rw-p 00003000 00:f06 4611686019027979946       /nix/store/4nlgxhb09sdr51nc9hdm8az5b08vzkgx-glibc-2.35-163/lib/librt.so.1
7f61d3eb5000-7f61d4fc8000 r-xp 00000000 00:f06 4611686019135360866       /nix/store/gpxl5qgg8kicmcvivwmybwjlpf7wh20l-graalvm17-ce-22.3.0/lib/server/libjvm.so
7f61d4fc8000-7f61d4fc9000 ---p 01113000 00:f06 4611686019135360866       /nix/store/gpxl5qgg8kicmcvivwmybwjlpf7wh20l-graalvm17-ce-22.3.0/lib/server/libjvm.so
7f61d4fc9000-7f61d507e000 r--p 01113000 00:f06 4611686019135360866       /nix/store/gpxl5qgg8kicmcvivwmybwjlpf7wh20l-graalvm17-ce-22.3.0/lib/server/libjvm.so
7f61d507e000-7f61d50b2000 rw-p 011c8000 00:f06 4611686019135360866       /nix/store/gpxl5qgg8kicmcvivwmybwjlpf7wh20l-graalvm17-ce-22.3.0/lib/server/libjvm.so
7f61d50b2000-7f61d510e000 rw-p 00000000 00:00 0 
7f61d510e000-7f61d5136000 r--p 00000000 00:f06 4611686019027979918       /nix/store/4nlgxhb09sdr51nc9hdm8az5b08vzkgx-glibc-2.35-163/lib/libc.so.6
7f61d5136000-7f61d52ac000 r-xp 00028000 00:f06 4611686019027979918       /nix/store/4nlgxhb09sdr51nc9hdm8az5b08vzkgx-glibc-2.35-163/lib/libc.so.6
7f61d52ac000-7f61d5304000 r--p 0019e000 00:f06 4611686019027979918       /nix/store/4nlgxhb09sdr51nc9hdm8az5b08vzkgx-glibc-2.35-163/lib/libc.so.6
7f61d5304000-7f61d5308000 r--p 001f6000 00:f06 4611686019027979918       /nix/store/4nlgxhb09sdr51nc9hdm8az5b08vzkgx-glibc-2.35-163/lib/libc.so.6
7f61d5308000-7f61d530a000 rw-p 001fa000 00:f06 4611686019027979918       /nix/store/4nlgxhb09sdr51nc9hdm8az5b08vzkgx-glibc-2.35-163/lib/libc.so.6
7f61d530a000-7f61d5319000 rw-p 00000000 00:00 0 
7f61d5319000-7f61d531a000 r--p 00000000 00:f06 4611686019027979923       /nix/store/4nlgxhb09sdr51nc9hdm8az5b08vzkgx-glibc-2.35-163/lib/libdl.so.2
7f61d531a000-7f61d531b000 r-xp 00001000 00:f06 4611686019027979923       /nix/store/4nlgxhb09sdr51nc9hdm8az5b08vzkgx-glibc-2.35-163/lib/libdl.so.2
7f61d531b000-7f61d531c000 r--p 00002000 00:f06 4611686019027979923       /nix/store/4nlgxhb09sdr51nc9hdm8az5b08vzkgx-glibc-2.35-163/lib/libdl.so.2
7f61d531c000-7f61d531d000 r--p 00002000 00:f06 4611686019027979923       /nix/store/4nlgxhb09sdr51nc9hdm8az5b08vzkgx-glibc-2.35-163/lib/libdl.so.2
7f61d531d000-7f61d531e000 rw-p 00003000 00:f06 4611686019027979923       /nix/store/4nlgxhb09sdr51nc9hdm8az5b08vzkgx-glibc-2.35-163/lib/libdl.so.2
7f61d531e000-7f61d531f000 r--p 00000000 00:f06 4611686019027979942       /nix/store/4nlgxhb09sdr51nc9hdm8az5b08vzkgx-glibc-2.35-163/lib/libpthread.so.0
7f61d531f000-7f61d5320000 r-xp 00001000 00:f06 4611686019027979942       /nix/store/4nlgxhb09sdr51nc9hdm8az5b08vzkgx-glibc-2.35-163/lib/libpthread.so.0
7f61d5320000-7f61d5321000 r--p 00002000 00:f06 4611686019027979942       /nix/store/4nlgxhb09sdr51nc9hdm8az5b08vzkgx-glibc-2.35-163/lib/libpthread.so.0
7f61d5321000-7f61d5322000 r--p 00002000 00:f06 4611686019027979942       /nix/store/4nlgxhb09sdr51nc9hdm8az5b08vzkgx-glibc-2.35-163/lib/libpthread.so.0
7f61d5322000-7f61d5323000 rw-p 00003000 00:f06 4611686019027979942       /nix/store/4nlgxhb09sdr51nc9hdm8az5b08vzkgx-glibc-2.35-163/lib/libpthread.so.0
7f61d5323000-7f61d5331000 r-xp 00000000 00:f06 4611686019135190033       /nix/store/gpxl5qgg8kicmcvivwmybwjlpf7wh20l-graalvm17-ce-22.3.0/lib/libjli.so
7f61d5331000-7f61d5332000 ---p 0000e000 00:f06 4611686019135190033       /nix/store/gpxl5qgg8kicmcvivwmybwjlpf7wh20l-graalvm17-ce-22.3.0/lib/libjli.so
7f61d5332000-7f61d5333000 r--p 0000e000 00:f06 4611686019135190033       /nix/store/gpxl5qgg8kicmcvivwmybwjlpf7wh20l-graalvm17-ce-22.3.0/lib/libjli.so
7f61d5333000-7f61d5334000 rw-p 0000f000 00:f06 4611686019135190033       /nix/store/gpxl5qgg8kicmcvivwmybwjlpf7wh20l-graalvm17-ce-22.3.0/lib/libjli.so
7f61d5334000-7f61d5335000 rw-p 00012000 00:f06 4611686019135190033       /nix/store/gpxl5qgg8kicmcvivwmybwjlpf7wh20l-graalvm17-ce-22.3.0/lib/libjli.so
7f61d5335000-7f61d5338000 r--p 00000000 00:f06 4611686019106210071       /nix/store/026hln0aq1hyshaxsdvhg0kmcm6yf45r-zlib-1.2.13/lib/libz.so.1.2.13
7f61d5338000-7f61d534a000 r-xp 00003000 00:f06 4611686019106210071       /nix/store/026hln0aq1hyshaxsdvhg0kmcm6yf45r-zlib-1.2.13/lib/libz.so.1.2.13
7f61d534a000-7f61d5351000 r--p 00015000 00:f06 4611686019106210071       /nix/store/026hln0aq1hyshaxsdvhg0kmcm6yf45r-zlib-1.2.13/lib/libz.so.1.2.13
7f61d5351000-7f61d5352000 r--p 0001b000 00:f06 4611686019106210071       /nix/store/026hln0aq1hyshaxsdvhg0kmcm6yf45r-zlib-1.2.13/lib/libz.so.1.2.13
7f61d5352000-7f61d5353000 rw-p 0001c000 00:f06 4611686019106210071       /nix/store/026hln0aq1hyshaxsdvhg0kmcm6yf45r-zlib-1.2.13/lib/libz.so.1.2.13
7f61d5353000-7f61d5355000 rw-p 00000000 00:00 0 
7f61d5355000-7f61d5357000 r--p 00000000 00:f06 4611686019027979912       /nix/store/4nlgxhb09sdr51nc9hdm8az5b08vzkgx-glibc-2.35-163/lib/ld-linux-x86-64.so.2
7f61d5357000-7f61d537e000 r-xp 00002000 00:f06 4611686019027979912       /nix/store/4nlgxhb09sdr51nc9hdm8az5b08vzkgx-glibc-2.35-163/lib/ld-linux-x86-64.so.2
7f61d537e000-7f61d538a000 r--p 00029000 00:f06 4611686019027979912       /nix/store/4nlgxhb09sdr51nc9hdm8az5b08vzkgx-glibc-2.35-163/lib/ld-linux-x86-64.so.2
7f61d538a000-7f61d538c000 r--p 00034000 00:f06 4611686019027979912       /nix/store/4nlgxhb09sdr51nc9hdm8az5b08vzkgx-glibc-2.35-163/lib/ld-linux-x86-64.so.2
7f61d538c000-7f61d538e000 rw-p 00036000 00:f06 4611686019027979912       /nix/store/4nlgxhb09sdr51nc9hdm8az5b08vzkgx-glibc-2.35-163/lib/ld-linux-x86-64.so.2
7ffdfd84e000-7ffdfd872000 rw-p 00000000 00:00 0                          [stack]
7ffdfd996000-7ffdfd99a000 r--p 00000000 00:00 0                          [vvar]
7ffdfd99a000-7ffdfd99c000 r-xp 00000000 00:00 0                          [vdso]
ffffffffff600000-ffffffffff601000 --xp 00000000 00:00 0                  [vsyscall]


VM Arguments:
jvm_args: -XX:ThreadPriorityPolicy=1 -XX:+UnlockExperimentalVMOptions -XX:+EnableJVMCIProduct -XX:JVMCIThreadsPerNativeLibraryRuntime=1 -XX:-UnlockExperimentalVMOptions -Declipse.application=org.eclipse.jdt.ls.core.id1 -Dosgi.bundles.defaultStartLevel=4 -Declipse.product=org.eclipse.jdt.ls.core.product -Dlog.level=ALL -Xverify:none -XX:+UseParallelGC -XX:GCTimeRatio=4 -XX:AdaptiveSizePolicyWeight=90 -Dsun.zip.disableMemoryMapping=true -Xmx512m -Xms100m 
java_command: /nix/store/m6gcpi1ii6rghy04cjwjddcavv7i90df-jdt-language-server-1.9.0/share/java/plugins/org.eclipse.equinox.launcher_1.6.400.v20210924-0641.jar --add-modules=ALL-SYSTEM --add-opens java.base/java.util=ALL-UNNAMED --add-opens java.base/java.lang=ALL-UNNAMED -configuration /home/runner/.cache/jdt-language-server/config -data /home/runner/.cache/jdt-language-server/data/home/runner/Zadanie23-Suma
java_class_path (initial): /nix/store/m6gcpi1ii6rghy04cjwjddcavv7i90df-jdt-language-server-1.9.0/share/java/plugins/org.eclipse.equinox.launcher_1.6.400.v20210924-0641.jar
Launcher Type: SUN_STANDARD

[Global flags]
    uintx AdaptiveSizePolicyWeight                 = 90                                        {product} {command line}
     intx CICompilerCount                          = 2                                         {product} {ergonomic}
     bool EnableJVMCIProduct                       = true                                {JVMCI product} {jimage}
    uintx GCTimeRatio                              = 4                                         {product} {command line}
   size_t InitialHeapSize                          = 104857600                                 {product} {command line}
     uint JVMCIThreadsPerNativeLibraryRuntime      = 1                                   {JVMCI product} {jimage}
   size_t MaxHeapSize                              = 536870912                                 {product} {command line}
   size_t MaxNewSize                               = 178782208                                 {product} {ergonomic}
   size_t MinHeapDeltaBytes                        = 524288                                    {product} {ergonomic}
   size_t MinHeapSize                              = 104857600                                 {product} {command line}
   size_t NewSize                                  = 34603008                                  {product} {ergonomic}
    uintx NonNMethodCodeHeapSize                   = 5826188                                {pd product} {ergonomic}
    uintx NonProfiledCodeHeapSize                  = 122916026                              {pd product} {ergonomic}
   size_t OldSize                                  = 70254592                                  {product} {ergonomic}
    uintx ProfiledCodeHeapSize                     = 122916026                              {pd product} {ergonomic}
    uintx ReservedCodeCacheSize                    = 251658240                              {pd product} {ergonomic}
     bool SegmentedCodeCache                       = true                                      {product} {ergonomic}
   size_t SoftMaxHeapSize                          = 536870912                              {manageable} {ergonomic}
     intx ThreadPriorityPolicy                     = 1                                         {product} {jimage}
     bool UseCompressedClassPointers               = true                           {product lp64_product} {ergonomic}
     bool UseCompressedOops                        = true                           {product lp64_product} {ergonomic}
     bool UseParallelGC                            = true                                      {product} {command line}

Logging:
Log output configuration:
 #0: stdout all=warning uptime,level,tags
 #1: stderr all=off uptime,level,tags

Environment Variables:
JAVA_HOME=/nix/store/gpxl5qgg8kicmcvivwmybwjlpf7wh20l-graalvm17-ce-22.3.0
PATH=/nix/store/1d6ian3r8kdzspw8hacjhl3xkp40g1lj-binutils-wrapper-2.39/bin:/nix/store/dq0xwmsk1g0i2ayg6pb7y87na2knzylh-gcc-wrapper-11.3.0/bin:/nix/store/bap4d0lpcrhpwmpb8ayjcgkmvfj62lnq-bash-interactive-5.1-p16/bin:/nix/store/pr5n59mb4jzmfx6kanwxly0l07p861fg-patchelf-0.15.0/bin:/nix/store/1gf2flfqnpqbr1b4p4qz2f72y42bs56r-gcc-11.3.0/bin:/nix/store/57xv61c5zi8pphjbcwxxjlgc34p61ic9-glibc-2.35-163-bin/bin:/nix/store/a7gvj343m05j2s32xcnwr35v31ynlypr-coreutils-9.1/bin:/nix/store/039g378vc3pc3dvi9dzdlrd0i4q93qwf-binutils-2.39/bin:/nix/store/gpxl5qgg8kicmcvivwmybwjlpf7wh20l-graalvm17-ce-22.3.0/bin:/nix/store/6z9ag3ihc8mq2hzsw48lhbznvzny65nz-apache-maven-3.8.6/bin:/nix/store/m6gcpi1ii6rghy04cjwjddcavv7i90df-jdt-language-server-1.9.0/bin:/nix/store/84xs5alhs01zrbr4ywm05kxbjbp5590l-java-debug/bin:/nix/store/mydc6f4k2z73xlcz7ilif3v2lcaiqvza-findutils-4.9.0/bin:/nix/store/j9p3g8472iijd50vhdprx0nmk2fqn5gv-diffutils-3.8/bin:/nix/store/89zs7rms6x00xfq4dq6m7mjnhkr8a6r4-gnused-4.8/bin:/nix/store/86bp03jkmsl6f92w0yzg4s59g5mhxwmy-gnugrep-3.7/bin:/nix/store/hwcdqw4jrjnd37wxqgsd47hd0j8bnj09-gawk-5.1.1/bin:/nix/store/cfbhw8r8ags41vwqaz47r583d0p4h4a1-gnutar-1.34/bin:/nix/store/p3m1ndl1lapwrlh698bnb5lvvxh67378-gzip-1.12/bin:/nix/store/a8mhcagrsly7c7mpjrpsnaahk4aax056-bzip2-1.0.8-bin/bin:/nix/store/mblgz65m3zv9x548a3d5m96fj2pbwr09-gnumake-4.3/bin:/nix/store/dsd5gz46hdbdk2rfdimqddhq6m8m8fqs-bash-5.1-p16/bin:/nix/store/v7ljksji50mg3w61dykaa3n3y79n6nil-patch-2.7.6/bin:/nix/store/zlcnmqq14jz5x9439jf937mvayyl63da-xz-5.2.7-bin/bin:/nix/store/y6aj732zm9m87c82fpvf103a1xb22blp-file-5.43/bin:/nix/store/sgqd0ajghcv2axfl1lad0b1alyavp0dc-prybar-elisp-0.0.0-67f7a00/bin:/nix/store/p3hsvljpgs68jqwar41lc0jqhjj734lf-prybar-lua-0.0.0-67f7a00/bin:/nix/store/qzxs2gybds3s9kb1vkaflpgm2nwr85fh-prybar-python3-0.0.0-67f7a00/bin:/nix/store/km94z9mxp8w4m8gxxp5mbfpdf3nkfvd8-prybar-sqlite-0.0.0-67f7a00/bin:/nix/store/2pnc7b76asw0z59c4l6h6qy8arwqrii1-prybar-tcl-0.0.0-67f7a00/bin:/nix/store/hpbvrlwd5viqmvcaisb3x0118i913a9n-st
LD_LIBRARY_PATH=/nix/store/a4pff549sk2idnkpzk5nsfps3mdkdnvm-cups-2.4.2-lib/lib:/nix/store/72mqxxhh3cy5yifh92wh2yb8cl2hikyy-cairo-1.16.0/lib:/nix/store/2k366jrbsra97gjfxwvrhvixjfxdach5-glib-2.74.1/lib:/nix/store/2j2znigd8ak37rlwh9khz0ry3clqlw1l-gtk+3-3.24.34/lib:/nix/store/hisqvx32cd57apbpcsnkpx6k3549wql1-libglvnd-1.4.0/lib:/nix/store/p36pgcv991mq5srvg765b78yqpxvk3qs-mesa-21.3.3-drivers/lib:/nix/store/mav4251if1ahjq5vkpwycyyvnmy459c4-pulseaudio-14.2/lib
DISPLAY=:0
LANG=en_US.UTF-8

Signal Handlers:
   SIGSEGV: crash_handler in libjvm.so, mask=11100100010111111101111111111110, flags=SA_RESTART|SA_SIGINFO
    SIGBUS: crash_handler in libjvm.so, mask=11100100010111111101111111111110, flags=SA_RESTART|SA_SIGINFO
    SIGFPE: crash_handler in libjvm.so, mask=11100100010111111101111111111110, flags=SA_RESTART|SA_SIGINFO
   SIGPIPE: IsolateEnterStub_IgnoreSIGPIPEStartupHook_noopSignalHandler_8f19bff2f35b5f630d83b364d6b2339320d4ec70_216e8361c6bc87a8f89f58cc10d3b2fd4415bf87 in libjvmcicompiler.so, mask=00000000000000000000000000000000, flags=SA_RESTART
  *** Handler was modified!
  *** Expected: javaSignalHandler in libjvm.so, mask=11100100110111111111111111111110, flags=SA_RESTART|SA_SIGINFO
   SIGXFSZ: javaSignalHandler in libjvm.so, mask=11100100010111111101111111111110, flags=SA_RESTART|SA_SIGINFO
    SIGILL: crash_handler in libjvm.so, mask=11100100010111111101111111111110, flags=SA_RESTART|SA_SIGINFO
   SIGUSR2: SR_handler in libjvm.so, mask=00000000000000000000000000000000, flags=SA_RESTART|SA_SIGINFO
    SIGHUP: UserHandler in libjvm.so, mask=11100100010111111101111111111110, flags=SA_RESTART|SA_SIGINFO
    SIGINT: UserHandler in libjvm.so, mask=11100100010111111101111111111110, flags=SA_RESTART|SA_SIGINFO
   SIGTERM: UserHandler in libjvm.so, mask=11100100010111111101111111111110, flags=SA_RESTART|SA_SIGINFO
   SIGQUIT: UserHandler in libjvm.so, mask=11100100010111111101111111111110, flags=SA_RESTART|SA_SIGINFO
  *** Handler was modified!
  *** Expected: javaSignalHandler in libjvm.so, mask=11100100110111111111111111111110, flags=SA_RESTART|SA_SIGINFO
   SIGTRAP: crash_handler in libjvm.so, mask=11100100010111111101111111111110, flags=SA_RESTART|SA_SIGINFO


---------------  S Y S T E M  ---------------

OS:
DISTRIB_ID=Ubuntu
DISTRIB_RELEASE=20.04
DISTRIB_CODENAME=focal
DISTRIB_DESCRIPTION="Ubuntu 20.04.2 LTS"
uname: Linux 5.15.0-1030-gcp #37~20.04.1-Ubuntu SMP Mon Feb 20 04:30:57 UTC 2023 x86_64
OS uptime: 0 days 2:25 hours
libc: glibc 2.35 NPTL 2.35 
rlimit (soft/hard): STACK 8192k/infinity , CORE infinity/infinity , NPROC infinity/infinity , NOFILE 5242/5242 , AS infinity/infinity , CPU infinity/infinity , DATA infinity/infinity , FSIZE infinity/infinity , MEMLOCK 64k/64k
load average: 13.53 12.58 12.60

/proc/meminfo:
MemTotal:       65852728 kB
MemFree:        32590536 kB
MemAvailable:   48703624 kB
Buffers:         2136268 kB
Cached:         12998492 kB
SwapCached:            0 kB
Active:          7924344 kB
Inactive:       21831300 kB
Active(anon):      16684 kB
Inactive(anon): 14302756 kB
Active(file):    7907660 kB
Inactive(file):  7528544 kB
Unevictable:       42984 kB
Mlocked:           42984 kB
SwapTotal:             0 kB
SwapFree:              0 kB
Dirty:              8284 kB
Writeback:             0 kB
AnonPages:      14081912 kB
Mapped:          1522080 kB
Shmem:             29748 kB
KReclaimable:    1403484 kB
Slab:            2538480 kB
SReclaimable:    1403484 kB
SUnreclaim:      1134996 kB
KernelStack:      402084 kB
PageTables:       158296 kB
NFS_Unstable:          0 kB
Bounce:                0 kB
WritebackTmp:          0 kB
CommitLimit:    32926364 kB
Committed_AS:   69445336 kB
VmallocTotal:   34359738367 kB
VmallocUsed:      437976 kB
VmallocChunk:          0 kB
Percpu:            53248 kB
HardwareCorrupted:     0 kB
AnonHugePages:    884736 kB
ShmemHugePages:        0 kB
ShmemPmdMapped:        0 kB
FileHugePages:         0 kB
FilePmdMapped:         0 kB
HugePages_Total:       0
HugePages_Free:        0
HugePages_Rsvd:        0
HugePages_Surp:        0
Hugepagesize:       2048 kB
Hugetlb:               0 kB
DirectMap4k:     3441472 kB
DirectMap2M:    35352576 kB
DirectMap1G:    30408704 kB

/sys/kernel/mm/transparent_hugepage/enabled: always [madvise] never
/sys/kernel/mm/transparent_hugepage/defrag (defrag/compaction efforts parameter): always defer defer+madvise [madvise] never

Process Memory:
Virtual Size: 4930648K (peak: 4990780K)
Resident Set Size: 740236K (peak: 775280K) (anon: 545420K, file: 194816K, shmem: 0K)
Swapped out: 0K
C-Heap outstanding allocations: 44678K, retained: 16137K
glibc malloc tunables: (default)

/proc/sys/kernel/threads-max (system-wide limit on the number of threads): 514406
/proc/sys/vm/max_map_count (maximum number of memory map areas a process may have): 65530
/proc/sys/kernel/pid_max (system-wide limit on number of process identifiers): 4194304

container (cgroup) information:
container_type: cgroupv1
cpu_cpuset_cpus: 2-7
cpu_memory_nodes: 0
active_processor_count: 1
cpu_quota: 50000
cpu_period: 100000
cpu_shares: 512
memory_limit_in_bytes: 1048576 k
memory_and_swap_limit_in_bytes: 1048576 k
memory_soft_limit_in_bytes: 524288 k
memory_usage_in_bytes: 590936 k
memory_max_usage_in_bytes: 674636 k
maximum number of tasks: 1000
current number of tasks: 51

KVM virtualization detected
Steal ticks since vm start: 0
Steal ticks percentage since vm start:  0.000

CPU: total 8 (initial active 1) (8 cores per cpu, 2 threads per core) family 23 model 49 stepping 0 microcode 0xffffffff, cx8, cmov, fxsr, ht, mmx, 3dnowpref, sse, sse2, sse3, ssse3, sse4a, sse4.1, sse4.2, popcnt, lzcnt, tsc, tscinvbit, avx, avx2, aes, clmul, bmi1, bmi2, adx, sha, fma, vzeroupper, clflush, clflushopt, hv
CPU Model and flags from /proc/cpuinfo:
model name	: AMD EPYC 7B12
flags		: fpu vme de pse tsc msr pae mce cx8 apic sep mtrr pge mca cmov pat pse36 clflush mmx fxsr sse sse2 ht syscall nx mmxext fxsr_opt pdpe1gb rdtscp lm constant_tsc rep_good nopl nonstop_tsc cpuid extd_apicid tsc_known_freq pni pclmulqdq ssse3 fma cx16 sse4_1 sse4_2 movbe popcnt aes xsave avx f16c rdrand hypervisor lahf_lm cmp_legacy cr8_legacy abm sse4a misalignsse 3dnowprefetch osvw topoext ssbd ibrs ibpb stibp vmmcall fsgsbase tsc_adjust bmi1 avx2 smep bmi2 rdseed adx smap clflushopt clwb sha_ni xsaveopt xsavec xgetbv1 clzero xsaveerptr arat npt nrip_save umip rdpid

Online cpus: 0-7
Offline cpus: 
BIOS frequency limitation: <Not Available>
Frequency switch latency (ns): <Not Available>
Available cpu frequencies: <Not Available>
Current governor: <Not Available>
Core performance/turbo boost: <Not Available>

Memory: 4k page, physical 1048576k(457644k free), swap 0k(0k free)
Page Sizes: 4k

vm_info: OpenJDK 64-Bit Server VM (17.0.5+8-jvmci-22.3-b08) for linux-amd64 JRE (17.0.5+8-jvmci-22.3-b08), built on Oct 19 2022 09:01:27 by "buildslave" with gcc 10.3.0

END.
